[06/Jun/2018:01:33:39 +0100] 0:0:0:0:0:0:0:1 "GET /applicant/stats HTTP/1.1" 302 (6 ms)
[06/Jun/2018:01:33:39 +0100] 0:0:0:0:0:0:0:1 "GET /login HTTP/1.1" 200 (5 ms)
[06/Jun/2018:01:33:39 +0100] 0:0:0:0:0:0:0:1 "GET /assets/vendors/custom/fullcalendar/fullcalendar.bundle.css HTTP/1.1" 200 (5 ms)
[06/Jun/2018:01:33:39 +0100] 0:0:0:0:0:0:0:1 "GET /assets/vendors/base/vendors.bundle.css HTTP/1.1" 200 (4 ms)
[06/Jun/2018:01:33:39 +0100] 0:0:0:0:0:0:0:1 "GET /assets/demo/default/base/style.bundle.css HTTP/1.1" 200 (37 ms)
[06/Jun/2018:01:33:39 +0100] 0:0:0:0:0:0:0:1 "GET /assets/app/media/img//logos/logo-2.png HTTP/1.1" 200 (3 ms)
[06/Jun/2018:01:33:39 +0100] 0:0:0:0:0:0:0:1 "GET /assets/snippets/pages/user/login.js HTTP/1.1" 200 (4 ms)
[06/Jun/2018:01:33:39 +0100] 0:0:0:0:0:0:0:1 "GET /assets/demo/default/base/scripts.bundle.js HTTP/1.1" 200 (5 ms)
[06/Jun/2018:01:33:39 +0100] 0:0:0:0:0:0:0:1 "GET /assets/app/media/img//bg/bg-4.jpg HTTP/1.1" 200 (4 ms)
[06/Jun/2018:01:33:39 +0100] 0:0:0:0:0:0:0:1 "GET /assets/vendors/base/vendors.bundle.js HTTP/1.1" 200 (169 ms)
[06/Jun/2018:01:34:09 +0100] 0:0:0:0:0:0:0:1 "POST /login HTTP/1.1" 302 (100 ms)
[06/Jun/2018:01:34:09 +0100] 0:0:0:0:0:0:0:1 "GET /applicant/stats HTTP/1.1" 200 (12 ms)
[06/Jun/2018:01:34:09 +0100] 0:0:0:0:0:0:0:1 "GET /assets/vendors/custom/fullcalendar/fullcalendar.bundle.css HTTP/1.1" 200 (3 ms)
[06/Jun/2018:01:34:09 +0100] 0:0:0:0:0:0:0:1 "GET /assets/vendors/base/vendors.bundle.css HTTP/1.1" 200 (5 ms)
[06/Jun/2018:01:34:09 +0100] 0:0:0:0:0:0:0:1 "GET /assets/demo/default/base/style.bundle.css HTTP/1.1" 200 (30 ms)
[06/Jun/2018:01:34:09 +0100] 0:0:0:0:0:0:0:1 "GET /assets/demo/default/base/scripts.bundle.js HTTP/1.1" 200 (4 ms)
[06/Jun/2018:01:34:09 +0100] 0:0:0:0:0:0:0:1 "GET /assets/app/js/dashboard.js HTTP/1.1" 200 (3 ms)
[06/Jun/2018:01:34:09 +0100] 0:0:0:0:0:0:0:1 "GET /assets/demo/default/custom/components/forms/widgets/dropzone.js HTTP/1.1" 200 (4 ms)
[06/Jun/2018:01:34:09 +0100] 0:0:0:0:0:0:0:1 "GET /assets/demo/default/custom/components/forms/widgets/bootstrap-datepicker.js HTTP/1.1" 200 (5 ms)
[06/Jun/2018:01:34:09 +0100] 0:0:0:0:0:0:0:1 "GET /assets/vendors/custom/fullcalendar/fullcalendar.bundle.js HTTP/1.1" 200 (6 ms)
[06/Jun/2018:01:34:09 +0100] 0:0:0:0:0:0:0:1 "GET /assets/demo/default/custom/components/datatables/base/html-table.js HTTP/1.1" 200 (4 ms)
[06/Jun/2018:01:34:09 +0100] 0:0:0:0:0:0:0:1 "GET /assets/vendors/custom/flot/flot.bundle.js HTTP/1.1" 200 (4 ms)
[06/Jun/2018:01:34:09 +0100] 0:0:0:0:0:0:0:1 "GET /assets/app/js/jquerydatatableseditable/jquery.dataTables.js HTTP/1.1" 200 (4 ms)
[06/Jun/2018:01:34:09 +0100] 0:0:0:0:0:0:0:1 "GET /assets/app/js/tinyeditable/mindmupeditabletable.js HTTP/1.1" 200 (2 ms)
[06/Jun/2018:01:34:09 +0100] 0:0:0:0:0:0:0:1 "GET /assets/app/js/datatables/dataTables.bootstrap.js HTTP/1.1" 404 (4 ms)
[06/Jun/2018:01:34:09 +0100] 0:0:0:0:0:0:0:1 "GET /assets/app/js/tinyeditable/numericinputexample.js HTTP/1.1" 200 (24 ms)
[06/Jun/2018:01:34:09 +0100] 0:0:0:0:0:0:0:1 "GET /assets/app/js/bootstrapextension/js/bootstrapextension.min.js HTTP/1.1" 200 (24 ms)
[06/Jun/2018:01:34:09 +0100] 0:0:0:0:0:0:0:1 "GET /assets/demo/default/custom/components/base/toastr.js HTTP/1.1" 200 (24 ms)
[06/Jun/2018:01:34:09 +0100] 0:0:0:0:0:0:0:1 "GET /assets/demo/default/custom/components/base/treeview.js HTTP/1.1" 200 (24 ms)
[06/Jun/2018:01:34:09 +0100] 0:0:0:0:0:0:0:1 "GET /assets/js/app.js HTTP/1.1" 200 (23 ms)
[06/Jun/2018:01:34:09 +0100] 0:0:0:0:0:0:0:1 "GET /assets/js/files.js HTTP/1.1" 200 (2 ms)
[06/Jun/2018:01:34:09 +0100] 0:0:0:0:0:0:0:1 "GET /assets/app/media/img/users/user4.jpg HTTP/1.1" 200 (2 ms)
[06/Jun/2018:01:34:09 +0100] 0:0:0:0:0:0:0:1 "GET /assets/demo/default/media/img/logo/logo_default_dark.png HTTP/1.1" 200 (3 ms)
[06/Jun/2018:01:34:09 +0100] 0:0:0:0:0:0:0:1 "GET /assets/vendors/base/fonts/flaticon/Flaticon.woff HTTP/1.1" 200 (3 ms)
[06/Jun/2018:01:34:09 +0100] 0:0:0:0:0:0:0:1 "GET /assets/vendors/base/fonts/line-awesome/line-awesome.woff2?v=1.1. HTTP/1.1" 200 (3 ms)
[06/Jun/2018:01:34:09 +0100] 0:0:0:0:0:0:0:1 "GET /assets/vendors/base/vendors.bundle.js HTTP/1.1" 200 (203 ms)
[06/Jun/2018:01:34:09 +0100] 0:0:0:0:0:0:0:1 "GET /assets/app/js/datatables/dataTables.bootstrap.js HTTP/1.1" 404 (3 ms)
[06/Jun/2018:01:34:15 +0100] 0:0:0:0:0:0:0:1 "GET /applicant/folder HTTP/1.1" 200 (21 ms)
[06/Jun/2018:01:34:15 +0100] 0:0:0:0:0:0:0:1 "GET /assets/vendors/custom/fullcalendar/fullcalendar.bundle.css HTTP/1.1" 200 (4 ms)
[06/Jun/2018:01:34:15 +0100] 0:0:0:0:0:0:0:1 "GET /assets/vendors/base/vendors.bundle.css HTTP/1.1" 200 (4 ms)
[06/Jun/2018:01:34:15 +0100] 0:0:0:0:0:0:0:1 "GET /assets/demo/default/base/style.bundle.css HTTP/1.1" 200 (23 ms)
[06/Jun/2018:01:34:15 +0100] 0:0:0:0:0:0:0:1 "GET /assets/app/js/dashboard.js HTTP/1.1" 200 (3 ms)
[06/Jun/2018:01:34:15 +0100] 0:0:0:0:0:0:0:1 "GET /assets/demo/default/base/scripts.bundle.js HTTP/1.1" 200 (4 ms)
[06/Jun/2018:01:34:15 +0100] 0:0:0:0:0:0:0:1 "GET /assets/vendors/custom/fullcalendar/fullcalendar.bundle.js HTTP/1.1" 200 (4 ms)
[06/Jun/2018:01:34:15 +0100] 0:0:0:0:0:0:0:1 "GET /assets/demo/default/custom/components/forms/widgets/dropzone.js HTTP/1.1" 200 (3 ms)
[06/Jun/2018:01:34:15 +0100] 0:0:0:0:0:0:0:1 "GET /assets/demo/default/custom/components/forms/widgets/bootstrap-datepicker.js HTTP/1.1" 200 (4 ms)
[06/Jun/2018:01:34:15 +0100] 0:0:0:0:0:0:0:1 "GET /assets/demo/default/custom/components/datatables/base/html-table.js HTTP/1.1" 200 (3 ms)
[06/Jun/2018:01:34:15 +0100] 0:0:0:0:0:0:0:1 "GET /assets/vendors/custom/flot/flot.bundle.js HTTP/1.1" 200 (3 ms)
[06/Jun/2018:01:34:15 +0100] 0:0:0:0:0:0:0:1 "GET /assets/app/js/jquerydatatableseditable/jquery.dataTables.js HTTP/1.1" 200 (3 ms)
[06/Jun/2018:01:34:15 +0100] 0:0:0:0:0:0:0:1 "GET /assets/app/js/tinyeditable/mindmupeditabletable.js HTTP/1.1" 200 (3 ms)
[06/Jun/2018:01:34:15 +0100] 0:0:0:0:0:0:0:1 "GET /assets/app/js/datatables/dataTables.bootstrap.js HTTP/1.1" 404 (3 ms)
[06/Jun/2018:01:34:15 +0100] 0:0:0:0:0:0:0:1 "GET /assets/app/js/tinyeditable/numericinputexample.js HTTP/1.1" 200 (3 ms)
[06/Jun/2018:01:34:15 +0100] 0:0:0:0:0:0:0:1 "GET /assets/demo/default/custom/components/base/toastr.js HTTP/1.1" 200 (2 ms)
[06/Jun/2018:01:34:15 +0100] 0:0:0:0:0:0:0:1 "GET /assets/app/js/bootstrapextension/js/bootstrapextension.min.js HTTP/1.1" 200 (3 ms)
[06/Jun/2018:01:34:15 +0100] 0:0:0:0:0:0:0:1 "GET /assets/js/app.js HTTP/1.1" 200 (3 ms)
[06/Jun/2018:01:34:15 +0100] 0:0:0:0:0:0:0:1 "GET /assets/demo/default/custom/components/base/treeview.js HTTP/1.1" 200 (3 ms)
[06/Jun/2018:01:34:15 +0100] 0:0:0:0:0:0:0:1 "GET /assets/demo/default/media/img/logo/logo_default_dark.png HTTP/1.1" 200 (2 ms)
[06/Jun/2018:01:34:15 +0100] 0:0:0:0:0:0:0:1 "GET /assets/js/files.js HTTP/1.1" 200 (3 ms)
[06/Jun/2018:01:34:15 +0100] 0:0:0:0:0:0:0:1 "GET /assets/app/media/img/users/user4.jpg HTTP/1.1" 200 (2 ms)
[06/Jun/2018:01:34:15 +0100] 0:0:0:0:0:0:0:1 "GET /assets/vendors/base/fonts/flaticon/Flaticon.woff HTTP/1.1" 200 (3 ms)
[06/Jun/2018:01:34:15 +0100] 0:0:0:0:0:0:0:1 "GET /assets/vendors/base/fonts/line-awesome/line-awesome.woff2?v=1.1. HTTP/1.1" 200 (2 ms)
[06/Jun/2018:01:34:15 +0100] 0:0:0:0:0:0:0:1 "GET /assets/vendors/base/vendors.bundle.js HTTP/1.1" 200 (203 ms)
[06/Jun/2018:01:34:15 +0100] 0:0:0:0:0:0:0:1 "GET /assets/app/js/datatables/dataTables.bootstrap.js HTTP/1.1" 404 (4 ms)
[06/Jun/2018:01:34:17 +0100] 0:0:0:0:0:0:0:1 "GET /assets/vendors/base/fonts/font-awesome/fontawesome-webfont.woff2?v=4.7.0 HTTP/1.1" 200 (3 ms)
[06/Jun/2018:01:49:39 +0100] 0:0:0:0:0:0:0:1 "GET /login HTTP/1.1" 200 (3 ms)
[06/Jun/2018:01:49:39 +0100] 0:0:0:0:0:0:0:1 "GET /assets/vendors/custom/fullcalendar/fullcalendar.bundle.css HTTP/1.1" 200 (3 ms)
[06/Jun/2018:01:49:39 +0100] 0:0:0:0:0:0:0:1 "GET /assets/vendors/base/vendors.bundle.css HTTP/1.1" 200 (4 ms)
[06/Jun/2018:01:49:39 +0100] 0:0:0:0:0:0:0:1 "GET /assets/demo/default/base/style.bundle.css HTTP/1.1" 200 (74 ms)
[06/Jun/2018:01:49:39 +0100] 0:0:0:0:0:0:0:1 "GET /assets/app/media/img//logos/logo-2.png HTTP/1.1" 200 (3 ms)
[06/Jun/2018:01:49:39 +0100] 0:0:0:0:0:0:0:1 "GET /assets/app/media/img//bg/bg-4.jpg HTTP/1.1" 200 (4 ms)
[06/Jun/2018:01:49:39 +0100] 0:0:0:0:0:0:0:1 "GET /assets/snippets/pages/user/login.js HTTP/1.1" 200 (3 ms)
[06/Jun/2018:01:49:39 +0100] 0:0:0:0:0:0:0:1 "GET /assets/demo/default/base/scripts.bundle.js HTTP/1.1" 200 (3 ms)
[06/Jun/2018:01:49:39 +0100] 0:0:0:0:0:0:0:1 "GET /assets/vendors/base/vendors.bundle.js HTTP/1.1" 200 (164 ms)
[06/Jun/2018:01:49:41 +0100] 0:0:0:0:0:0:0:1 "POST /login HTTP/1.1" 302 (104 ms)
[06/Jun/2018:01:49:41 +0100] 0:0:0:0:0:0:0:1 "GET /home HTTP/1.1" 200 (10 ms)
[06/Jun/2018:01:49:41 +0100] 0:0:0:0:0:0:0:1 "GET /assets/vendors/custom/fullcalendar/fullcalendar.bundle.css HTTP/1.1" 200 (3 ms)
[06/Jun/2018:01:49:41 +0100] 0:0:0:0:0:0:0:1 "GET /assets/vendors/base/vendors.bundle.css HTTP/1.1" 200 (3 ms)
[06/Jun/2018:01:49:41 +0100] 0:0:0:0:0:0:0:1 "GET /assets/demo/default/base/style.bundle.css HTTP/1.1" 200 (20 ms)
[06/Jun/2018:01:49:41 +0100] 0:0:0:0:0:0:0:1 "GET /assets/demo/default/base/scripts.bundle.js HTTP/1.1" 200 (4 ms)
[06/Jun/2018:01:49:41 +0100] 0:0:0:0:0:0:0:1 "GET /assets/app/js/dashboard.js HTTP/1.1" 200 (4 ms)
[06/Jun/2018:01:49:41 +0100] 0:0:0:0:0:0:0:1 "GET /assets/demo/default/custom/components/forms/widgets/dropzone.js HTTP/1.1" 200 (3 ms)
[06/Jun/2018:01:49:41 +0100] 0:0:0:0:0:0:0:1 "GET /assets/vendors/custom/fullcalendar/fullcalendar.bundle.js HTTP/1.1" 200 (5 ms)
[06/Jun/2018:01:49:41 +0100] 0:0:0:0:0:0:0:1 "GET /assets/demo/default/custom/components/forms/widgets/bootstrap-datepicker.js HTTP/1.1" 200 (4 ms)
[06/Jun/2018:01:49:41 +0100] 0:0:0:0:0:0:0:1 "GET /assets/demo/default/custom/components/datatables/base/html-table.js HTTP/1.1" 200 (3 ms)
[06/Jun/2018:01:49:41 +0100] 0:0:0:0:0:0:0:1 "GET /assets/app/js/jquerydatatableseditable/jquery.dataTables.js HTTP/1.1" 200 (3 ms)
[06/Jun/2018:01:49:41 +0100] 0:0:0:0:0:0:0:1 "GET /assets/vendors/custom/flot/flot.bundle.js HTTP/1.1" 200 (3 ms)
[06/Jun/2018:01:49:41 +0100] 0:0:0:0:0:0:0:1 "GET /assets/app/js/datatables/dataTables.bootstrap.js HTTP/1.1" 404 (4 ms)
[06/Jun/2018:01:49:41 +0100] 0:0:0:0:0:0:0:1 "GET /assets/app/js/tinyeditable/mindmupeditabletable.js HTTP/1.1" 200 (3 ms)
[06/Jun/2018:01:49:41 +0100] 0:0:0:0:0:0:0:1 "GET /assets/app/js/tinyeditable/numericinputexample.js HTTP/1.1" 200 (3 ms)
[06/Jun/2018:01:49:41 +0100] 0:0:0:0:0:0:0:1 "GET /assets/app/js/bootstrapextension/js/bootstrapextension.min.js HTTP/1.1" 200 (3 ms)
[06/Jun/2018:01:49:41 +0100] 0:0:0:0:0:0:0:1 "GET /assets/demo/default/custom/components/base/treeview.js HTTP/1.1" 200 (3 ms)
[06/Jun/2018:01:49:41 +0100] 0:0:0:0:0:0:0:1 "GET /assets/demo/default/custom/components/base/toastr.js HTTP/1.1" 200 (3 ms)
[06/Jun/2018:01:49:41 +0100] 0:0:0:0:0:0:0:1 "GET /assets/js/app.js HTTP/1.1" 200 (2 ms)
[06/Jun/2018:01:49:41 +0100] 0:0:0:0:0:0:0:1 "GET /assets/js/files.js HTTP/1.1" 200 (2 ms)
[06/Jun/2018:01:49:41 +0100] 0:0:0:0:0:0:0:1 "GET /assets/demo/default/media/img/logo/logo_default_dark.png HTTP/1.1" 200 (2 ms)
[06/Jun/2018:01:49:41 +0100] 0:0:0:0:0:0:0:1 "GET /assets/app/media/img/users/user4.jpg HTTP/1.1" 200 (2 ms)
[06/Jun/2018:01:49:41 +0100] 0:0:0:0:0:0:0:1 "GET /assets/vendors/base/fonts/flaticon/Flaticon.woff HTTP/1.1" 200 (3 ms)
[06/Jun/2018:01:49:41 +0100] 0:0:0:0:0:0:0:1 "GET /assets/vendors/base/fonts/line-awesome/line-awesome.woff2?v=1.1. HTTP/1.1" 200 (3 ms)
[06/Jun/2018:01:49:41 +0100] 0:0:0:0:0:0:0:1 "GET /assets/vendors/base/vendors.bundle.js HTTP/1.1" 200 (265 ms)
[06/Jun/2018:01:49:41 +0100] 0:0:0:0:0:0:0:1 "GET /assets/app/js/datatables/dataTables.bootstrap.js HTTP/1.1" 404 (2 ms)
[06/Jun/2018:01:49:43 +0100] 0:0:0:0:0:0:0:1 "GET /applicant/folder HTTP/1.1" 200 (19 ms)
[06/Jun/2018:01:49:43 +0100] 0:0:0:0:0:0:0:1 "GET /assets/vendors/custom/fullcalendar/fullcalendar.bundle.css HTTP/1.1" 200 (3 ms)
[06/Jun/2018:01:49:43 +0100] 0:0:0:0:0:0:0:1 "GET /assets/vendors/base/vendors.bundle.css HTTP/1.1" 200 (4 ms)
[06/Jun/2018:01:49:43 +0100] 0:0:0:0:0:0:0:1 "GET /assets/demo/default/base/style.bundle.css HTTP/1.1" 200 (8 ms)
[06/Jun/2018:01:49:43 +0100] 0:0:0:0:0:0:0:1 "GET /assets/demo/default/base/scripts.bundle.js HTTP/1.1" 200 (3 ms)
[06/Jun/2018:01:49:43 +0100] 0:0:0:0:0:0:0:1 "GET /assets/demo/default/custom/components/forms/widgets/bootstrap-datepicker.js HTTP/1.1" 200 (3 ms)
[06/Jun/2018:01:49:43 +0100] 0:0:0:0:0:0:0:1 "GET /assets/vendors/custom/fullcalendar/fullcalendar.bundle.js HTTP/1.1" 200 (3 ms)
[06/Jun/2018:01:49:43 +0100] 0:0:0:0:0:0:0:1 "GET /assets/app/js/dashboard.js HTTP/1.1" 200 (4 ms)
[06/Jun/2018:01:49:43 +0100] 0:0:0:0:0:0:0:1 "GET /assets/demo/default/custom/components/forms/widgets/dropzone.js HTTP/1.1" 200 (3 ms)
[06/Jun/2018:01:49:43 +0100] 0:0:0:0:0:0:0:1 "GET /assets/demo/default/custom/components/datatables/base/html-table.js HTTP/1.1" 200 (3 ms)
[06/Jun/2018:01:49:43 +0100] 0:0:0:0:0:0:0:1 "GET /assets/vendors/custom/flot/flot.bundle.js HTTP/1.1" 200 (3 ms)
[06/Jun/2018:01:49:43 +0100] 0:0:0:0:0:0:0:1 "GET /assets/app/js/jquerydatatableseditable/jquery.dataTables.js HTTP/1.1" 200 (2 ms)
[06/Jun/2018:01:49:43 +0100] 0:0:0:0:0:0:0:1 "GET /assets/app/js/datatables/dataTables.bootstrap.js HTTP/1.1" 404 (3 ms)
[06/Jun/2018:01:49:43 +0100] 0:0:0:0:0:0:0:1 "GET /assets/app/js/tinyeditable/mindmupeditabletable.js HTTP/1.1" 200 (2 ms)
[06/Jun/2018:01:49:43 +0100] 0:0:0:0:0:0:0:1 "GET /assets/app/js/tinyeditable/numericinputexample.js HTTP/1.1" 200 (3 ms)
[06/Jun/2018:01:49:43 +0100] 0:0:0:0:0:0:0:1 "GET /assets/app/js/bootstrapextension/js/bootstrapextension.min.js HTTP/1.1" 200 (2 ms)
[06/Jun/2018:01:49:43 +0100] 0:0:0:0:0:0:0:1 "GET /assets/demo/default/custom/components/base/toastr.js HTTP/1.1" 200 (3 ms)
[06/Jun/2018:01:49:43 +0100] 0:0:0:0:0:0:0:1 "GET /assets/js/app.js HTTP/1.1" 200 (3 ms)
[06/Jun/2018:01:49:43 +0100] 0:0:0:0:0:0:0:1 "GET /assets/demo/default/custom/components/base/treeview.js HTTP/1.1" 200 (3 ms)
[06/Jun/2018:01:49:43 +0100] 0:0:0:0:0:0:0:1 "GET /assets/demo/default/media/img/logo/logo_default_dark.png HTTP/1.1" 200 (3 ms)
[06/Jun/2018:01:49:43 +0100] 0:0:0:0:0:0:0:1 "GET /assets/js/files.js HTTP/1.1" 200 (3 ms)
[06/Jun/2018:01:49:43 +0100] 0:0:0:0:0:0:0:1 "GET /assets/app/media/img/users/user4.jpg HTTP/1.1" 200 (3 ms)
[06/Jun/2018:01:49:43 +0100] 0:0:0:0:0:0:0:1 "GET /assets/vendors/base/fonts/flaticon/Flaticon.woff HTTP/1.1" 200 (2 ms)
[06/Jun/2018:01:49:43 +0100] 0:0:0:0:0:0:0:1 "GET /assets/vendors/base/fonts/line-awesome/line-awesome.woff2?v=1.1. HTTP/1.1" 200 (2 ms)
[06/Jun/2018:01:49:43 +0100] 0:0:0:0:0:0:0:1 "GET /assets/vendors/base/vendors.bundle.js HTTP/1.1" 200 (209 ms)
[06/Jun/2018:01:49:43 +0100] 0:0:0:0:0:0:0:1 "GET /assets/app/js/datatables/dataTables.bootstrap.js HTTP/1.1" 404 (3 ms)
[06/Jun/2018:01:49:44 +0100] 0:0:0:0:0:0:0:1 "GET /assets/vendors/base/fonts/font-awesome/fontawesome-webfont.woff2?v=4.7.0 HTTP/1.1" 200 (3 ms)
[06/Jun/2018:01:50:35 +0100] 0:0:0:0:0:0:0:1 "GET /applicant/folder HTTP/1.1" 200 (17 ms)
[06/Jun/2018:01:50:35 +0100] 0:0:0:0:0:0:0:1 "GET /assets/vendors/custom/fullcalendar/fullcalendar.bundle.css HTTP/1.1" 200 (4 ms)
[06/Jun/2018:01:50:35 +0100] 0:0:0:0:0:0:0:1 "GET /assets/vendors/base/vendors.bundle.css HTTP/1.1" 200 (6 ms)
[06/Jun/2018:01:50:35 +0100] 0:0:0:0:0:0:0:1 "GET /assets/demo/default/base/style.bundle.css HTTP/1.1" 200 (83 ms)
[06/Jun/2018:01:50:35 +0100] 0:0:0:0:0:0:0:1 "GET /assets/app/js/dashboard.js HTTP/1.1" 200 (3 ms)
[06/Jun/2018:01:50:35 +0100] 0:0:0:0:0:0:0:1 "GET /assets/demo/default/custom/components/forms/widgets/bootstrap-datepicker.js HTTP/1.1" 200 (4 ms)
[06/Jun/2018:01:50:35 +0100] 0:0:0:0:0:0:0:1 "GET /assets/demo/default/base/scripts.bundle.js HTTP/1.1" 200 (6 ms)
[06/Jun/2018:01:50:35 +0100] 0:0:0:0:0:0:0:1 "GET /assets/demo/default/custom/components/forms/widgets/dropzone.js HTTP/1.1" 200 (5 ms)
[06/Jun/2018:01:50:35 +0100] 0:0:0:0:0:0:0:1 "GET /assets/vendors/custom/fullcalendar/fullcalendar.bundle.js HTTP/1.1" 200 (6 ms)
[06/Jun/2018:01:50:35 +0100] 0:0:0:0:0:0:0:1 "GET /assets/demo/default/custom/components/datatables/base/html-table.js HTTP/1.1" 200 (4 ms)
[06/Jun/2018:01:50:35 +0100] 0:0:0:0:0:0:0:1 "GET /assets/app/js/jquerydatatableseditable/jquery.dataTables.js HTTP/1.1" 200 (3 ms)
[06/Jun/2018:01:50:35 +0100] 0:0:0:0:0:0:0:1 "GET /assets/vendors/custom/flot/flot.bundle.js HTTP/1.1" 200 (3 ms)
[06/Jun/2018:01:50:35 +0100] 0:0:0:0:0:0:0:1 "GET /assets/app/js/datatables/dataTables.bootstrap.js HTTP/1.1" 404 (3 ms)
[06/Jun/2018:01:50:35 +0100] 0:0:0:0:0:0:0:1 "GET /assets/app/js/tinyeditable/mindmupeditabletable.js HTTP/1.1" 200 (2 ms)
[06/Jun/2018:01:50:35 +0100] 0:0:0:0:0:0:0:1 "GET /assets/app/js/bootstrapextension/js/bootstrapextension.min.js HTTP/1.1" 200 (3 ms)
[06/Jun/2018:01:50:35 +0100] 0:0:0:0:0:0:0:1 "GET /assets/demo/default/custom/components/base/toastr.js HTTP/1.1" 200 (3 ms)
[06/Jun/2018:01:50:35 +0100] 0:0:0:0:0:0:0:1 "GET /assets/app/js/tinyeditable/numericinputexample.js HTTP/1.1" 200 (3 ms)
[06/Jun/2018:01:50:35 +0100] 0:0:0:0:0:0:0:1 "GET /assets/js/app.js HTTP/1.1" 200 (3 ms)
[06/Jun/2018:01:50:35 +0100] 0:0:0:0:0:0:0:1 "GET /assets/demo/default/custom/components/base/treeview.js HTTP/1.1" 200 (4 ms)
[06/Jun/2018:01:50:35 +0100] 0:0:0:0:0:0:0:1 "GET /assets/demo/default/media/img/logo/logo_default_dark.png HTTP/1.1" 200 (2 ms)
[06/Jun/2018:01:50:35 +0100] 0:0:0:0:0:0:0:1 "GET /assets/js/files.js HTTP/1.1" 200 (3 ms)
[06/Jun/2018:01:50:35 +0100] 0:0:0:0:0:0:0:1 "GET /assets/app/media/img/users/user4.jpg HTTP/1.1" 200 (3 ms)
[06/Jun/2018:01:50:35 +0100] 0:0:0:0:0:0:0:1 "GET /assets/vendors/base/fonts/flaticon/Flaticon.woff HTTP/1.1" 200 (3 ms)
[06/Jun/2018:01:50:35 +0100] 0:0:0:0:0:0:0:1 "GET /assets/vendors/base/fonts/line-awesome/line-awesome.woff2?v=1.1. HTTP/1.1" 200 (3 ms)
[06/Jun/2018:01:50:35 +0100] 0:0:0:0:0:0:0:1 "GET /assets/vendors/base/vendors.bundle.js HTTP/1.1" 200 (207 ms)
[06/Jun/2018:01:50:36 +0100] 0:0:0:0:0:0:0:1 "GET /assets/app/js/datatables/dataTables.bootstrap.js HTTP/1.1" 404 (3 ms)
[06/Jun/2018:01:50:38 +0100] 0:0:0:0:0:0:0:1 "GET /assets/vendors/base/fonts/font-awesome/fontawesome-webfont.woff2?v=4.7.0 HTTP/1.1" 200 (3 ms)
[06/Jun/2018:01:55:05 +0100] 0:0:0:0:0:0:0:1 "GET /assets/app/media/img/misc/user_profile_bg.jpg HTTP/1.1" 200 (5 ms)
[06/Jun/2018:01:55:05 +0100] 0:0:0:0:0:0:0:1 "GET /assets/vendors/base/fonts/metronic/Metronic_fda1334c35d0f5fe2afb3afebbb6774a.woff2 HTTP/1.1" 200 (3 ms)
[06/Jun/2018:18:09:43 +0100] 0:0:0:0:0:0:0:1 "GET /login HTTP/1.1" 200 (216 ms)
[06/Jun/2018:18:09:43 +0100] 0:0:0:0:0:0:0:1 "GET /assets/vendors/custom/fullcalendar/fullcalendar.bundle.css HTTP/1.1" 200 (15 ms)
[06/Jun/2018:18:09:43 +0100] 0:0:0:0:0:0:0:1 "GET /assets/vendors/base/vendors.bundle.css HTTP/1.1" 200 (15 ms)
[06/Jun/2018:18:09:43 +0100] 0:0:0:0:0:0:0:1 "GET /assets/demo/default/base/style.bundle.css HTTP/1.1" 200 (39 ms)
[06/Jun/2018:18:09:43 +0100] 0:0:0:0:0:0:0:1 "GET /assets/snippets/pages/user/login.js HTTP/1.1" 200 (6 ms)
[06/Jun/2018:18:09:43 +0100] 0:0:0:0:0:0:0:1 "GET /assets/demo/default/base/scripts.bundle.js HTTP/1.1" 200 (6 ms)
[06/Jun/2018:18:09:43 +0100] 0:0:0:0:0:0:0:1 "GET /assets/app/media/img//logos/logo-2.png HTTP/1.1" 200 (5 ms)
[06/Jun/2018:18:09:43 +0100] 0:0:0:0:0:0:0:1 "GET /assets/vendors/base/vendors.bundle.js HTTP/1.1" 200 (95 ms)
[06/Jun/2018:18:09:44 +0100] 0:0:0:0:0:0:0:1 "GET /assets/app/media/img//bg/bg-4.jpg HTTP/1.1" 200 (8 ms)
[06/Jun/2018:18:09:46 +0100] 0:0:0:0:0:0:0:1 "POST /login HTTP/1.1" 302 (233 ms)
[06/Jun/2018:18:09:46 +0100] 0:0:0:0:0:0:0:1 "GET /home HTTP/1.1" 200 (86 ms)
[06/Jun/2018:18:09:46 +0100] 0:0:0:0:0:0:0:1 "GET /assets/vendors/custom/fullcalendar/fullcalendar.bundle.css HTTP/1.1" 200 (5 ms)
[06/Jun/2018:18:09:46 +0100] 0:0:0:0:0:0:0:1 "GET /assets/vendors/base/vendors.bundle.css HTTP/1.1" 200 (6 ms)
[06/Jun/2018:18:09:46 +0100] 0:0:0:0:0:0:0:1 "GET /assets/demo/default/base/style.bundle.css HTTP/1.1" 200 (23 ms)
[06/Jun/2018:18:09:46 +0100] 0:0:0:0:0:0:0:1 "GET /assets/demo/default/base/scripts.bundle.js HTTP/1.1" 200 (6 ms)
[06/Jun/2018:18:09:46 +0100] 0:0:0:0:0:0:0:1 "GET /assets/app/js/dashboard.js HTTP/1.1" 200 (10 ms)
[06/Jun/2018:18:09:46 +0100] 0:0:0:0:0:0:0:1 "GET /assets/demo/default/custom/components/forms/widgets/dropzone.js HTTP/1.1" 200 (10 ms)
[06/Jun/2018:18:09:46 +0100] 0:0:0:0:0:0:0:1 "GET /assets/demo/default/custom/components/forms/widgets/bootstrap-datepicker.js HTTP/1.1" 200 (12 ms)
[06/Jun/2018:18:09:46 +0100] 0:0:0:0:0:0:0:1 "GET /assets/vendors/custom/fullcalendar/fullcalendar.bundle.js HTTP/1.1" 200 (15 ms)
[06/Jun/2018:18:09:46 +0100] 0:0:0:0:0:0:0:1 "GET /assets/demo/default/custom/components/datatables/base/html-table.js HTTP/1.1" 200 (8 ms)
[06/Jun/2018:18:09:46 +0100] 0:0:0:0:0:0:0:1 "GET /assets/app/js/tinyeditable/mindmupeditabletable.js HTTP/1.1" 200 (6 ms)
[06/Jun/2018:18:09:46 +0100] 0:0:0:0:0:0:0:1 "GET /assets/app/js/jquerydatatableseditable/jquery.dataTables.js HTTP/1.1" 200 (9 ms)
[06/Jun/2018:18:09:46 +0100] 0:0:0:0:0:0:0:1 "GET /assets/vendors/custom/flot/flot.bundle.js HTTP/1.1" 200 (12 ms)
[06/Jun/2018:18:09:46 +0100] 0:0:0:0:0:0:0:1 "GET /assets/app/js/tinyeditable/numericinputexample.js HTTP/1.1" 200 (7 ms)
[06/Jun/2018:18:09:46 +0100] 0:0:0:0:0:0:0:1 "GET /assets/demo/default/custom/components/base/toastr.js HTTP/1.1" 200 (6 ms)
[06/Jun/2018:18:09:46 +0100] 0:0:0:0:0:0:0:1 "GET /assets/js/app.js HTTP/1.1" 200 (5 ms)
[06/Jun/2018:18:09:46 +0100] 0:0:0:0:0:0:0:1 "GET /assets/app/js/bootstrapextension/js/bootstrapextension.min.js HTTP/1.1" 200 (8 ms)
[06/Jun/2018:18:09:46 +0100] 0:0:0:0:0:0:0:1 "GET /assets/demo/default/custom/components/base/treeview.js HTTP/1.1" 200 (7 ms)
[06/Jun/2018:18:09:46 +0100] 0:0:0:0:0:0:0:1 "GET /assets/js/files.js HTTP/1.1" 200 (4 ms)
[06/Jun/2018:18:09:46 +0100] 0:0:0:0:0:0:0:1 "GET /assets/app/js/datatables/dataTables.bootstrap.js HTTP/1.1" 404 (26 ms)
[06/Jun/2018:18:09:46 +0100] 0:0:0:0:0:0:0:1 "GET /assets/demo/default/media/img/logo/logo_default_dark.png HTTP/1.1" 200 (5 ms)
[06/Jun/2018:18:09:46 +0100] 0:0:0:0:0:0:0:1 "GET /assets/app/media/img/users/user4.jpg HTTP/1.1" 200 (6 ms)
[06/Jun/2018:18:09:46 +0100] 0:0:0:0:0:0:0:1 "GET /assets/vendors/base/fonts/flaticon/Flaticon.woff HTTP/1.1" 200 (8 ms)
[06/Jun/2018:18:09:47 +0100] 0:0:0:0:0:0:0:1 "GET /assets/vendors/base/fonts/line-awesome/line-awesome.woff2?v=1.1. HTTP/1.1" 200 (7 ms)
[06/Jun/2018:18:09:47 +0100] 0:0:0:0:0:0:0:1 "GET /assets/vendors/base/vendors.bundle.js HTTP/1.1" 200 (294 ms)
[06/Jun/2018:18:09:47 +0100] 0:0:0:0:0:0:0:1 "GET /assets/app/js/datatables/dataTables.bootstrap.js HTTP/1.1" 404 (6 ms)
[06/Jun/2018:18:09:42 +0100] 0:0:0:0:0:0:0:1 "GET / HTTP/1.1" 200 (271 ms)
[06/Jun/2018:18:09:42 +0100] 0:0:0:0:0:0:0:1 "GET /assets/vendors/custom/fullcalendar/fullcalendar.bundle.css HTTP/1.1" 200 (19 ms)
[06/Jun/2018:18:09:42 +0100] 0:0:0:0:0:0:0:1 "GET /assets/vendors/base/vendors.bundle.css HTTP/1.1" 200 (6 ms)
[06/Jun/2018:18:09:42 +0100] 0:0:0:0:0:0:0:1 "GET /assets/demo/default/base/style.bundle.css HTTP/1.1" 200 (9 ms)
[06/Jun/2018:18:09:42 +0100] 0:0:0:0:0:0:0:1 "GET /assets/app/media/img//logos/logo-2.png HTTP/1.1" 200 (3 ms)
[06/Jun/2018:18:09:42 +0100] 0:0:0:0:0:0:0:1 "GET /assets/vendors/base/vendors.bundle.js HTTP/1.1" 200 (18 ms)
[06/Jun/2018:18:09:42 +0100] 0:0:0:0:0:0:0:1 "GET /assets/demo/default/base/scripts.bundle.js HTTP/1.1" 200 (4 ms)
[06/Jun/2018:18:09:42 +0100] 0:0:0:0:0:0:0:1 "GET /assets/snippets/pages/user/login.js HTTP/1.1" 200 (3 ms)
[06/Jun/2018:18:09:53 +0100] 0:0:0:0:0:0:0:1 "GET /applicant/applicant-form HTTP/1.1" 200 (60 ms)
[06/Jun/2018:18:09:53 +0100] 0:0:0:0:0:0:0:1 "GET /assets/vendors/custom/fullcalendar/fullcalendar.bundle.css HTTP/1.1" 200 (5 ms)
[06/Jun/2018:18:09:53 +0100] 0:0:0:0:0:0:0:1 "GET /assets/vendors/base/vendors.bundle.css HTTP/1.1" 200 (6 ms)
[06/Jun/2018:18:09:53 +0100] 0:0:0:0:0:0:0:1 "GET /assets/demo/default/base/style.bundle.css HTTP/1.1" 200 (24 ms)
[06/Jun/2018:18:09:53 +0100] 0:0:0:0:0:0:0:1 "GET /assets/app/js/dashboard.js HTTP/1.1" 200 (4 ms)
[06/Jun/2018:18:09:53 +0100] 0:0:0:0:0:0:0:1 "GET /assets/demo/default/base/scripts.bundle.js HTTP/1.1" 200 (6 ms)
[06/Jun/2018:18:09:53 +0100] 0:0:0:0:0:0:0:1 "GET /assets/demo/default/custom/components/forms/widgets/bootstrap-datepicker.js HTTP/1.1" 200 (7 ms)
[06/Jun/2018:18:09:53 +0100] 0:0:0:0:0:0:0:1 "GET /assets/demo/default/custom/components/forms/widgets/dropzone.js HTTP/1.1" 200 (7 ms)
[06/Jun/2018:18:09:53 +0100] 0:0:0:0:0:0:0:1 "GET /assets/vendors/custom/fullcalendar/fullcalendar.bundle.js HTTP/1.1" 200 (10 ms)
[06/Jun/2018:18:09:53 +0100] 0:0:0:0:0:0:0:1 "GET /assets/demo/default/custom/components/datatables/base/html-table.js HTTP/1.1" 200 (5 ms)
[06/Jun/2018:18:09:53 +0100] 0:0:0:0:0:0:0:1 "GET /assets/vendors/custom/flot/flot.bundle.js HTTP/1.1" 200 (5 ms)
[06/Jun/2018:18:09:53 +0100] 0:0:0:0:0:0:0:1 "GET /assets/app/js/jquerydatatableseditable/jquery.dataTables.js HTTP/1.1" 200 (4 ms)
[06/Jun/2018:18:09:53 +0100] 0:0:0:0:0:0:0:1 "GET /assets/app/js/datatables/dataTables.bootstrap.js HTTP/1.1" 404 (5 ms)
[06/Jun/2018:18:09:53 +0100] 0:0:0:0:0:0:0:1 "GET /assets/app/js/tinyeditable/mindmupeditabletable.js HTTP/1.1" 200 (4 ms)
[06/Jun/2018:18:09:53 +0100] 0:0:0:0:0:0:0:1 "GET /assets/app/js/tinyeditable/numericinputexample.js HTTP/1.1" 200 (4 ms)
[06/Jun/2018:18:09:53 +0100] 0:0:0:0:0:0:0:1 "GET /assets/app/js/bootstrapextension/js/bootstrapextension.min.js HTTP/1.1" 200 (4 ms)
[06/Jun/2018:18:09:53 +0100] 0:0:0:0:0:0:0:1 "GET /assets/demo/default/custom/components/base/toastr.js HTTP/1.1" 200 (5 ms)
[06/Jun/2018:18:09:53 +0100] 0:0:0:0:0:0:0:1 "GET /assets/demo/default/custom/components/base/treeview.js HTTP/1.1" 200 (4 ms)
[06/Jun/2018:18:09:53 +0100] 0:0:0:0:0:0:0:1 "GET /assets/js/app.js HTTP/1.1" 200 (4 ms)
[06/Jun/2018:18:09:53 +0100] 0:0:0:0:0:0:0:1 "GET /assets/js/files.js HTTP/1.1" 200 (4 ms)
[06/Jun/2018:18:09:53 +0100] 0:0:0:0:0:0:0:1 "GET /assets/demo/default/media/img/logo/logo_default_dark.png HTTP/1.1" 200 (4 ms)
[06/Jun/2018:18:09:53 +0100] 0:0:0:0:0:0:0:1 "GET /assets/app/media/img/users/user4.jpg HTTP/1.1" 200 (2 ms)
[06/Jun/2018:18:09:53 +0100] 0:0:0:0:0:0:0:1 "GET /assets/vendors/base/fonts/line-awesome/line-awesome.woff2?v=1.1. HTTP/1.1" 200 (4 ms)
[06/Jun/2018:18:09:53 +0100] 0:0:0:0:0:0:0:1 "GET /assets/vendors/base/fonts/flaticon/Flaticon.woff HTTP/1.1" 200 (7 ms)
[06/Jun/2018:18:09:53 +0100] 0:0:0:0:0:0:0:1 "GET /assets/vendors/base/vendors.bundle.js HTTP/1.1" 200 (230 ms)
[06/Jun/2018:18:09:53 +0100] 0:0:0:0:0:0:0:1 "GET /assets/app/js/datatables/dataTables.bootstrap.js HTTP/1.1" 404 (5 ms)
[06/Jun/2018:18:09:58 +0100] 0:0:0:0:0:0:0:1 "GET /applicant/folder HTTP/1.1" 200 (22 ms)
[06/Jun/2018:18:09:58 +0100] 0:0:0:0:0:0:0:1 "GET /assets/vendors/custom/fullcalendar/fullcalendar.bundle.css HTTP/1.1" 200 (4 ms)
[06/Jun/2018:18:09:58 +0100] 0:0:0:0:0:0:0:1 "GET /assets/vendors/base/vendors.bundle.css HTTP/1.1" 200 (5 ms)
[06/Jun/2018:18:09:58 +0100] 0:0:0:0:0:0:0:1 "GET /assets/demo/default/base/style.bundle.css HTTP/1.1" 200 (23 ms)
[06/Jun/2018:18:09:58 +0100] 0:0:0:0:0:0:0:1 "GET /assets/demo/default/custom/components/forms/widgets/dropzone.js HTTP/1.1" 200 (3 ms)
[06/Jun/2018:18:09:58 +0100] 0:0:0:0:0:0:0:1 "GET /assets/app/js/dashboard.js HTTP/1.1" 200 (4 ms)
[06/Jun/2018:18:09:58 +0100] 0:0:0:0:0:0:0:1 "GET /assets/demo/default/custom/components/forms/widgets/bootstrap-datepicker.js HTTP/1.1" 200 (4 ms)
[06/Jun/2018:18:09:58 +0100] 0:0:0:0:0:0:0:1 "GET /assets/vendors/custom/fullcalendar/fullcalendar.bundle.js HTTP/1.1" 200 (5 ms)
[06/Jun/2018:18:09:58 +0100] 0:0:0:0:0:0:0:1 "GET /assets/demo/default/base/scripts.bundle.js HTTP/1.1" 200 (6 ms)
[06/Jun/2018:18:09:58 +0100] 0:0:0:0:0:0:0:1 "GET /assets/demo/default/custom/components/datatables/base/html-table.js HTTP/1.1" 200 (4 ms)
[06/Jun/2018:18:09:58 +0100] 0:0:0:0:0:0:0:1 "GET /assets/vendors/custom/flot/flot.bundle.js HTTP/1.1" 200 (5 ms)
[06/Jun/2018:18:09:58 +0100] 0:0:0:0:0:0:0:1 "GET /assets/app/js/jquerydatatableseditable/jquery.dataTables.js HTTP/1.1" 200 (5 ms)
[06/Jun/2018:18:09:58 +0100] 0:0:0:0:0:0:0:1 "GET /assets/app/js/tinyeditable/mindmupeditabletable.js HTTP/1.1" 200 (4 ms)
[06/Jun/2018:18:09:58 +0100] 0:0:0:0:0:0:0:1 "GET /assets/app/js/datatables/dataTables.bootstrap.js HTTP/1.1" 404 (5 ms)
[06/Jun/2018:18:09:58 +0100] 0:0:0:0:0:0:0:1 "GET /assets/app/js/tinyeditable/numericinputexample.js HTTP/1.1" 200 (4 ms)
[06/Jun/2018:18:09:58 +0100] 0:0:0:0:0:0:0:1 "GET /assets/demo/default/custom/components/base/toastr.js HTTP/1.1" 200 (3 ms)
[06/Jun/2018:18:09:58 +0100] 0:0:0:0:0:0:0:1 "GET /assets/app/js/bootstrapextension/js/bootstrapextension.min.js HTTP/1.1" 200 (5 ms)
[06/Jun/2018:18:09:58 +0100] 0:0:0:0:0:0:0:1 "GET /assets/js/app.js HTTP/1.1" 200 (4 ms)
[06/Jun/2018:18:09:58 +0100] 0:0:0:0:0:0:0:1 "GET /assets/demo/default/custom/components/base/treeview.js HTTP/1.1" 200 (4 ms)
[06/Jun/2018:18:09:58 +0100] 0:0:0:0:0:0:0:1 "GET /assets/app/media/img/users/user4.jpg HTTP/1.1" 200 (3 ms)
[06/Jun/2018:18:09:58 +0100] 0:0:0:0:0:0:0:1 "GET /assets/demo/default/media/img/logo/logo_default_dark.png HTTP/1.1" 200 (3 ms)
[06/Jun/2018:18:09:58 +0100] 0:0:0:0:0:0:0:1 "GET /assets/js/files.js HTTP/1.1" 200 (4 ms)
[06/Jun/2018:18:09:58 +0100] 0:0:0:0:0:0:0:1 "GET /assets/vendors/base/fonts/flaticon/Flaticon.woff HTTP/1.1" 200 (6 ms)
[06/Jun/2018:18:09:58 +0100] 0:0:0:0:0:0:0:1 "GET /assets/vendors/base/fonts/line-awesome/line-awesome.woff2?v=1.1. HTTP/1.1" 200 (4 ms)
[06/Jun/2018:18:09:58 +0100] 0:0:0:0:0:0:0:1 "GET /assets/vendors/base/vendors.bundle.js HTTP/1.1" 200 (200 ms)
[06/Jun/2018:18:09:58 +0100] 0:0:0:0:0:0:0:1 "GET /assets/app/js/datatables/dataTables.bootstrap.js HTTP/1.1" 404 (3 ms)
[06/Jun/2018:18:10:01 +0100] 0:0:0:0:0:0:0:1 "GET /assets/vendors/base/fonts/font-awesome/fontawesome-webfont.woff2?v=4.7.0 HTTP/1.1" 200 (5 ms)
[06/Jun/2018:18:10:05 +0100] 0:0:0:0:0:0:0:1 "GET /applicant/evaluation HTTP/1.1" 200 (20 ms)
[06/Jun/2018:18:10:05 +0100] 0:0:0:0:0:0:0:1 "GET /assets/vendors/custom/fullcalendar/fullcalendar.bundle.css HTTP/1.1" 200 (5 ms)
[06/Jun/2018:18:10:05 +0100] 0:0:0:0:0:0:0:1 "GET /assets/vendors/base/vendors.bundle.css HTTP/1.1" 200 (5 ms)
[06/Jun/2018:18:10:05 +0100] 0:0:0:0:0:0:0:1 "GET /assets/demo/default/base/style.bundle.css HTTP/1.1" 200 (8 ms)
[06/Jun/2018:18:10:05 +0100] 0:0:0:0:0:0:0:1 "GET /assets/app/js/dashboard.js HTTP/1.1" 200 (3 ms)
[06/Jun/2018:18:10:05 +0100] 0:0:0:0:0:0:0:1 "GET /assets/demo/default/base/scripts.bundle.js HTTP/1.1" 200 (5 ms)
[06/Jun/2018:18:10:05 +0100] 0:0:0:0:0:0:0:1 "GET /assets/demo/default/custom/components/forms/widgets/dropzone.js HTTP/1.1" 200 (5 ms)
[06/Jun/2018:18:10:05 +0100] 0:0:0:0:0:0:0:1 "GET /assets/demo/default/custom/components/forms/widgets/bootstrap-datepicker.js HTTP/1.1" 200 (5 ms)
[06/Jun/2018:18:10:05 +0100] 0:0:0:0:0:0:0:1 "GET /assets/vendors/custom/fullcalendar/fullcalendar.bundle.js HTTP/1.1" 200 (6 ms)
[06/Jun/2018:18:10:05 +0100] 0:0:0:0:0:0:0:1 "GET /assets/demo/default/custom/components/datatables/base/html-table.js HTTP/1.1" 200 (4 ms)
[06/Jun/2018:18:10:05 +0100] 0:0:0:0:0:0:0:1 "GET /assets/vendors/custom/flot/flot.bundle.js HTTP/1.1" 200 (3 ms)
[06/Jun/2018:18:10:05 +0100] 0:0:0:0:0:0:0:1 "GET /assets/app/js/jquerydatatableseditable/jquery.dataTables.js HTTP/1.1" 200 (5 ms)
[06/Jun/2018:18:10:05 +0100] 0:0:0:0:0:0:0:1 "GET /assets/app/js/tinyeditable/mindmupeditabletable.js HTTP/1.1" 200 (4 ms)
[06/Jun/2018:18:10:05 +0100] 0:0:0:0:0:0:0:1 "GET /assets/app/js/datatables/dataTables.bootstrap.js HTTP/1.1" 404 (7 ms)
[06/Jun/2018:18:10:05 +0100] 0:0:0:0:0:0:0:1 "GET /assets/app/js/tinyeditable/numericinputexample.js HTTP/1.1" 200 (4 ms)
[06/Jun/2018:18:10:05 +0100] 0:0:0:0:0:0:0:1 "GET /assets/app/js/bootstrapextension/js/bootstrapextension.min.js HTTP/1.1" 200 (5 ms)
[06/Jun/2018:18:10:05 +0100] 0:0:0:0:0:0:0:1 "GET /assets/demo/default/custom/components/base/toastr.js HTTP/1.1" 200 (4 ms)
[06/Jun/2018:18:10:05 +0100] 0:0:0:0:0:0:0:1 "GET /assets/demo/default/custom/components/base/treeview.js HTTP/1.1" 200 (4 ms)
[06/Jun/2018:18:10:05 +0100] 0:0:0:0:0:0:0:1 "GET /assets/js/app.js HTTP/1.1" 200 (4 ms)
[06/Jun/2018:18:10:05 +0100] 0:0:0:0:0:0:0:1 "GET /assets/js/files.js HTTP/1.1" 200 (3 ms)
[06/Jun/2018:18:10:05 +0100] 0:0:0:0:0:0:0:1 "GET /assets/app/media/img/users/user4.jpg HTTP/1.1" 200 (3 ms)
[06/Jun/2018:18:10:05 +0100] 0:0:0:0:0:0:0:1 "GET /assets/demo/default/media/img/logo/logo_default_dark.png HTTP/1.1" 200 (3 ms)
[06/Jun/2018:18:10:05 +0100] 0:0:0:0:0:0:0:1 "GET /assets/vendors/base/fonts/line-awesome/line-awesome.woff2?v=1.1. HTTP/1.1" 200 (4 ms)
[06/Jun/2018:18:10:05 +0100] 0:0:0:0:0:0:0:1 "GET /assets/vendors/base/fonts/flaticon/Flaticon.woff HTTP/1.1" 200 (3 ms)
[06/Jun/2018:18:10:05 +0100] 0:0:0:0:0:0:0:1 "GET /assets/vendors/base/vendors.bundle.js HTTP/1.1" 200 (212 ms)
[06/Jun/2018:18:10:05 +0100] 0:0:0:0:0:0:0:1 "GET /assets/app/js/datatables/dataTables.bootstrap.js HTTP/1.1" 404 (3 ms)
[06/Jun/2018:18:10:12 +0100] 0:0:0:0:0:0:0:1 "GET /applicant/index.html HTTP/1.1" 404 (19 ms)
[06/Jun/2018:18:10:12 +0100] 0:0:0:0:0:0:0:1 "GET /favicon.ico HTTP/1.1" 200 (5 ms)
[06/Jun/2018:18:10:20 +0100] 0:0:0:0:0:0:0:1 "GET / HTTP/1.1" 200 (3 ms)
[06/Jun/2018:18:10:20 +0100] 0:0:0:0:0:0:0:1 "GET /assets/vendors/custom/fullcalendar/fullcalendar.bundle.css HTTP/1.1" 200 (5 ms)
[06/Jun/2018:18:10:20 +0100] 0:0:0:0:0:0:0:1 "GET /assets/vendors/base/vendors.bundle.css HTTP/1.1" 200 (5 ms)
[06/Jun/2018:18:10:20 +0100] 0:0:0:0:0:0:0:1 "GET /assets/demo/default/base/style.bundle.css HTTP/1.1" 200 (20 ms)
[06/Jun/2018:18:10:20 +0100] 0:0:0:0:0:0:0:1 "GET /assets/app/media/img//logos/logo-2.png HTTP/1.1" 200 (3 ms)
[06/Jun/2018:18:10:20 +0100] 0:0:0:0:0:0:0:1 "GET /assets/demo/default/base/scripts.bundle.js HTTP/1.1" 200 (4 ms)
[06/Jun/2018:18:10:20 +0100] 0:0:0:0:0:0:0:1 "GET /assets/snippets/pages/user/login.js HTTP/1.1" 200 (6 ms)
[06/Jun/2018:18:10:20 +0100] 0:0:0:0:0:0:0:1 "GET /assets/vendors/base/vendors.bundle.js HTTP/1.1" 200 (155 ms)
[06/Jun/2018:18:10:20 +0100] 0:0:0:0:0:0:0:1 "GET /assets/app/media/img//bg/bg-4.jpg HTTP/1.1" 200 (7 ms)
[06/Jun/2018:18:10:22 +0100] 0:0:0:0:0:0:0:1 "POST /login HTTP/1.1" 302 (114 ms)
[06/Jun/2018:18:10:22 +0100] 0:0:0:0:0:0:0:1 "GET /home HTTP/1.1" 200 (9 ms)
[06/Jun/2018:18:10:22 +0100] 0:0:0:0:0:0:0:1 "GET /assets/vendors/custom/fullcalendar/fullcalendar.bundle.css HTTP/1.1" 200 (7 ms)
[06/Jun/2018:18:10:22 +0100] 0:0:0:0:0:0:0:1 "GET /assets/vendors/base/vendors.bundle.css HTTP/1.1" 200 (7 ms)
[06/Jun/2018:18:10:22 +0100] 0:0:0:0:0:0:0:1 "GET /assets/demo/default/base/style.bundle.css HTTP/1.1" 200 (20 ms)
[06/Jun/2018:18:10:22 +0100] 0:0:0:0:0:0:0:1 "GET /assets/demo/default/base/scripts.bundle.js HTTP/1.1" 200 (5 ms)
[06/Jun/2018:18:10:22 +0100] 0:0:0:0:0:0:0:1 "GET /assets/app/js/dashboard.js HTTP/1.1" 200 (4 ms)
[06/Jun/2018:18:10:22 +0100] 0:0:0:0:0:0:0:1 "GET /assets/demo/default/custom/components/forms/widgets/dropzone.js HTTP/1.1" 200 (4 ms)
[06/Jun/2018:18:10:22 +0100] 0:0:0:0:0:0:0:1 "GET /assets/demo/default/custom/components/forms/widgets/bootstrap-datepicker.js HTTP/1.1" 200 (5 ms)
[06/Jun/2018:18:10:22 +0100] 0:0:0:0:0:0:0:1 "GET /assets/vendors/custom/fullcalendar/fullcalendar.bundle.js HTTP/1.1" 200 (5 ms)
[06/Jun/2018:18:10:22 +0100] 0:0:0:0:0:0:0:1 "GET /assets/demo/default/custom/components/datatables/base/html-table.js HTTP/1.1" 200 (4 ms)
[06/Jun/2018:18:10:22 +0100] 0:0:0:0:0:0:0:1 "GET /assets/app/js/jquerydatatableseditable/jquery.dataTables.js HTTP/1.1" 200 (4 ms)
[06/Jun/2018:18:10:22 +0100] 0:0:0:0:0:0:0:1 "GET /assets/vendors/custom/flot/flot.bundle.js HTTP/1.1" 200 (4 ms)
[06/Jun/2018:18:10:22 +0100] 0:0:0:0:0:0:0:1 "GET /assets/app/js/tinyeditable/mindmupeditabletable.js HTTP/1.1" 200 (6 ms)
[06/Jun/2018:18:10:22 +0100] 0:0:0:0:0:0:0:1 "GET /assets/app/js/datatables/dataTables.bootstrap.js HTTP/1.1" 404 (7 ms)
[06/Jun/2018:18:10:22 +0100] 0:0:0:0:0:0:0:1 "GET /assets/app/js/tinyeditable/numericinputexample.js HTTP/1.1" 200 (4 ms)
[06/Jun/2018:18:10:22 +0100] 0:0:0:0:0:0:0:1 "GET /assets/app/js/bootstrapextension/js/bootstrapextension.min.js HTTP/1.1" 200 (4 ms)
[06/Jun/2018:18:10:22 +0100] 0:0:0:0:0:0:0:1 "GET /assets/demo/default/custom/components/base/treeview.js HTTP/1.1" 200 (4 ms)
[06/Jun/2018:18:10:22 +0100] 0:0:0:0:0:0:0:1 "GET /assets/demo/default/custom/components/base/toastr.js HTTP/1.1" 200 (5 ms)
[06/Jun/2018:18:10:22 +0100] 0:0:0:0:0:0:0:1 "GET /assets/js/app.js HTTP/1.1" 200 (5 ms)
[06/Jun/2018:18:10:22 +0100] 0:0:0:0:0:0:0:1 "GET /assets/js/files.js HTTP/1.1" 200 (3 ms)
[06/Jun/2018:18:10:22 +0100] 0:0:0:0:0:0:0:1 "GET /assets/demo/default/media/img/logo/logo_default_dark.png HTTP/1.1" 200 (4 ms)
[06/Jun/2018:18:10:22 +0100] 0:0:0:0:0:0:0:1 "GET /assets/app/media/img/users/user4.jpg HTTP/1.1" 200 (2 ms)
[06/Jun/2018:18:10:22 +0100] 0:0:0:0:0:0:0:1 "GET /assets/vendors/base/fonts/flaticon/Flaticon.woff HTTP/1.1" 200 (3 ms)
[06/Jun/2018:18:10:22 +0100] 0:0:0:0:0:0:0:1 "GET /assets/vendors/base/fonts/line-awesome/line-awesome.woff2?v=1.1. HTTP/1.1" 200 (5 ms)
[06/Jun/2018:18:10:22 +0100] 0:0:0:0:0:0:0:1 "GET /assets/vendors/base/vendors.bundle.js HTTP/1.1" 200 (187 ms)
[06/Jun/2018:18:10:22 +0100] 0:0:0:0:0:0:0:1 "GET /assets/app/js/datatables/dataTables.bootstrap.js HTTP/1.1" 404 (6 ms)
[06/Jun/2018:18:10:24 +0100] 0:0:0:0:0:0:0:1 "GET /assets/app/media/img/misc/user_profile_bg.jpg HTTP/1.1" 200 (5 ms)
[06/Jun/2018:18:10:24 +0100] 0:0:0:0:0:0:0:1 "GET /assets/vendors/base/fonts/metronic/Metronic_fda1334c35d0f5fe2afb3afebbb6774a.woff2 HTTP/1.1" 200 (3 ms)
[06/Jun/2018:18:10:26 +0100] 0:0:0:0:0:0:0:1 "POST /logout HTTP/1.1" 302 (2 ms)
[06/Jun/2018:18:10:26 +0100] 0:0:0:0:0:0:0:1 "GET / HTTP/1.1" 200 (4 ms)
[06/Jun/2018:18:10:26 +0100] 0:0:0:0:0:0:0:1 "GET /assets/vendors/custom/fullcalendar/fullcalendar.bundle.css HTTP/1.1" 200 (4 ms)
[06/Jun/2018:18:10:26 +0100] 0:0:0:0:0:0:0:1 "GET /assets/vendors/base/vendors.bundle.css HTTP/1.1" 200 (8 ms)
[06/Jun/2018:18:10:26 +0100] 0:0:0:0:0:0:0:1 "GET /assets/demo/default/base/style.bundle.css HTTP/1.1" 200 (30 ms)
[06/Jun/2018:18:10:26 +0100] 0:0:0:0:0:0:0:1 "GET /assets/app/media/img//logos/logo-2.png HTTP/1.1" 200 (3 ms)
[06/Jun/2018:18:10:26 +0100] 0:0:0:0:0:0:0:1 "GET /assets/demo/default/base/scripts.bundle.js HTTP/1.1" 200 (4 ms)
[06/Jun/2018:18:10:26 +0100] 0:0:0:0:0:0:0:1 "GET /assets/snippets/pages/user/login.js HTTP/1.1" 200 (5 ms)
[06/Jun/2018:18:10:26 +0100] 0:0:0:0:0:0:0:1 "GET /assets/app/media/img//bg/bg-4.jpg HTTP/1.1" 200 (4 ms)
[06/Jun/2018:18:10:26 +0100] 0:0:0:0:0:0:0:1 "GET /assets/vendors/base/vendors.bundle.js HTTP/1.1" 200 (160 ms)
[06/Jun/2018:18:10:35 +0100] 0:0:0:0:0:0:0:1 "POST /login HTTP/1.1" 302 (112 ms)
[06/Jun/2018:18:10:35 +0100] 0:0:0:0:0:0:0:1 "GET /home HTTP/1.1" 200 (18 ms)
[06/Jun/2018:18:10:35 +0100] 0:0:0:0:0:0:0:1 "GET /assets/vendors/custom/fullcalendar/fullcalendar.bundle.css HTTP/1.1" 200 (5 ms)
[06/Jun/2018:18:10:35 +0100] 0:0:0:0:0:0:0:1 "GET /assets/vendors/base/vendors.bundle.css HTTP/1.1" 200 (4 ms)
[06/Jun/2018:18:10:35 +0100] 0:0:0:0:0:0:0:1 "GET /assets/demo/default/base/style.bundle.css HTTP/1.1" 200 (8 ms)
[06/Jun/2018:18:10:35 +0100] 0:0:0:0:0:0:0:1 "GET /assets/app/js/dashboard.js HTTP/1.1" 200 (4 ms)
[06/Jun/2018:18:10:35 +0100] 0:0:0:0:0:0:0:1 "GET /assets/vendors/custom/fullcalendar/fullcalendar.bundle.js HTTP/1.1" 200 (6 ms)
[06/Jun/2018:18:10:35 +0100] 0:0:0:0:0:0:0:1 "GET /assets/demo/default/base/scripts.bundle.js HTTP/1.1" 200 (7 ms)
[06/Jun/2018:18:10:35 +0100] 0:0:0:0:0:0:0:1 "GET /assets/demo/default/custom/components/forms/widgets/bootstrap-datepicker.js HTTP/1.1" 200 (5 ms)
[06/Jun/2018:18:10:35 +0100] 0:0:0:0:0:0:0:1 "GET /assets/demo/default/custom/components/forms/widgets/dropzone.js HTTP/1.1" 200 (3 ms)
[06/Jun/2018:18:10:35 +0100] 0:0:0:0:0:0:0:1 "GET /assets/demo/default/custom/components/datatables/base/html-table.js HTTP/1.1" 200 (4 ms)
[06/Jun/2018:18:10:35 +0100] 0:0:0:0:0:0:0:1 "GET /assets/vendors/custom/flot/flot.bundle.js HTTP/1.1" 200 (5 ms)
[06/Jun/2018:18:10:35 +0100] 0:0:0:0:0:0:0:1 "GET /assets/app/js/jquerydatatableseditable/jquery.dataTables.js HTTP/1.1" 200 (5 ms)
[06/Jun/2018:18:10:35 +0100] 0:0:0:0:0:0:0:1 "GET /assets/app/js/datatables/dataTables.bootstrap.js HTTP/1.1" 404 (5 ms)
[06/Jun/2018:18:10:35 +0100] 0:0:0:0:0:0:0:1 "GET /assets/app/js/tinyeditable/mindmupeditabletable.js HTTP/1.1" 200 (3 ms)
[06/Jun/2018:18:10:35 +0100] 0:0:0:0:0:0:0:1 "GET /assets/app/js/tinyeditable/numericinputexample.js HTTP/1.1" 200 (3 ms)
[06/Jun/2018:18:10:35 +0100] 0:0:0:0:0:0:0:1 "GET /assets/app/js/bootstrapextension/js/bootstrapextension.min.js HTTP/1.1" 200 (4 ms)
[06/Jun/2018:18:10:35 +0100] 0:0:0:0:0:0:0:1 "GET /assets/demo/default/custom/components/base/toastr.js HTTP/1.1" 200 (3 ms)
[06/Jun/2018:18:10:35 +0100] 0:0:0:0:0:0:0:1 "GET /assets/demo/default/custom/components/base/treeview.js HTTP/1.1" 200 (3 ms)
[06/Jun/2018:18:10:35 +0100] 0:0:0:0:0:0:0:1 "GET /assets/js/files.js HTTP/1.1" 200 (3 ms)
[06/Jun/2018:18:10:35 +0100] 0:0:0:0:0:0:0:1 "GET /assets/js/app.js HTTP/1.1" 200 (3 ms)
[06/Jun/2018:18:10:35 +0100] 0:0:0:0:0:0:0:1 "GET /assets/demo/default/media/img/logo/logo_default_dark.png HTTP/1.1" 200 (3 ms)
[06/Jun/2018:18:10:35 +0100] 0:0:0:0:0:0:0:1 "GET /assets/app/media/img/users/user4.jpg HTTP/1.1" 200 (3 ms)
[06/Jun/2018:18:10:35 +0100] 0:0:0:0:0:0:0:1 "GET /assets/vendors/base/fonts/flaticon/Flaticon.woff HTTP/1.1" 200 (3 ms)
[06/Jun/2018:18:10:35 +0100] 0:0:0:0:0:0:0:1 "GET /assets/vendors/base/fonts/line-awesome/line-awesome.woff2?v=1.1. HTTP/1.1" 200 (4 ms)
[06/Jun/2018:18:10:35 +0100] 0:0:0:0:0:0:0:1 "GET /assets/vendors/base/vendors.bundle.js HTTP/1.1" 200 (201 ms)
[06/Jun/2018:18:10:35 +0100] 0:0:0:0:0:0:0:1 "GET /assets/app/js/datatables/dataTables.bootstrap.js HTTP/1.1" 404 (3 ms)
[06/Jun/2018:18:10:45 +0100] 0:0:0:0:0:0:0:1 "GET /commission/applicant-list HTTP/1.1" 200 (20 ms)
[06/Jun/2018:18:10:45 +0100] 0:0:0:0:0:0:0:1 "GET /assets/vendors/custom/fullcalendar/fullcalendar.bundle.css HTTP/1.1" 200 (6 ms)
[06/Jun/2018:18:10:45 +0100] 0:0:0:0:0:0:0:1 "GET /assets/vendors/base/vendors.bundle.css HTTP/1.1" 200 (6 ms)
[06/Jun/2018:18:10:45 +0100] 0:0:0:0:0:0:0:1 "GET /assets/demo/default/base/style.bundle.css HTTP/1.1" 200 (9 ms)
[06/Jun/2018:18:10:45 +0100] 0:0:0:0:0:0:0:1 "GET /assets/demo/default/base/scripts.bundle.js HTTP/1.1" 200 (4 ms)
[06/Jun/2018:18:10:45 +0100] 0:0:0:0:0:0:0:1 "GET /assets/vendors/custom/fullcalendar/fullcalendar.bundle.js HTTP/1.1" 200 (4 ms)
[06/Jun/2018:18:10:45 +0100] 0:0:0:0:0:0:0:1 "GET /assets/demo/default/custom/components/forms/widgets/bootstrap-datepicker.js HTTP/1.1" 200 (3 ms)
[06/Jun/2018:18:10:45 +0100] 0:0:0:0:0:0:0:1 "GET /assets/demo/default/custom/components/forms/widgets/dropzone.js HTTP/1.1" 200 (4 ms)
[06/Jun/2018:18:10:45 +0100] 0:0:0:0:0:0:0:1 "GET /assets/app/js/dashboard.js HTTP/1.1" 200 (5 ms)
[06/Jun/2018:18:10:45 +0100] 0:0:0:0:0:0:0:1 "GET /assets/demo/default/custom/components/datatables/base/html-table.js HTTP/1.1" 200 (5 ms)
[06/Jun/2018:18:10:45 +0100] 0:0:0:0:0:0:0:1 "GET /assets/app/js/jquerydatatableseditable/jquery.dataTables.js HTTP/1.1" 200 (5 ms)
[06/Jun/2018:18:10:45 +0100] 0:0:0:0:0:0:0:1 "GET /assets/app/js/datatables/dataTables.bootstrap.js HTTP/1.1" 404 (5 ms)
[06/Jun/2018:18:10:45 +0100] 0:0:0:0:0:0:0:1 "GET /assets/vendors/custom/flot/flot.bundle.js HTTP/1.1" 200 (5 ms)
[06/Jun/2018:18:10:45 +0100] 0:0:0:0:0:0:0:1 "GET /assets/app/js/tinyeditable/mindmupeditabletable.js HTTP/1.1" 200 (3 ms)
[06/Jun/2018:18:10:45 +0100] 0:0:0:0:0:0:0:1 "GET /assets/js/app.js HTTP/1.1" 200 (3 ms)
[06/Jun/2018:18:10:45 +0100] 0:0:0:0:0:0:0:1 "GET /assets/app/js/tinyeditable/numericinputexample.js HTTP/1.1" 200 (5 ms)
[06/Jun/2018:18:10:45 +0100] 0:0:0:0:0:0:0:1 "GET /assets/demo/default/custom/components/base/toastr.js HTTP/1.1" 200 (4 ms)
[06/Jun/2018:18:10:45 +0100] 0:0:0:0:0:0:0:1 "GET /assets/demo/default/custom/components/base/treeview.js HTTP/1.1" 200 (4 ms)
[06/Jun/2018:18:10:45 +0100] 0:0:0:0:0:0:0:1 "GET /assets/app/js/bootstrapextension/js/bootstrapextension.min.js HTTP/1.1" 200 (5 ms)
[06/Jun/2018:18:10:45 +0100] 0:0:0:0:0:0:0:1 "GET /assets/js/files.js HTTP/1.1" 200 (3 ms)
[06/Jun/2018:18:10:45 +0100] 0:0:0:0:0:0:0:1 "GET /assets/app/media/img/users/user4.jpg HTTP/1.1" 200 (3 ms)
[06/Jun/2018:18:10:45 +0100] 0:0:0:0:0:0:0:1 "GET /assets/demo/default/media/img/logo/logo_default_dark.png HTTP/1.1" 200 (4 ms)
[06/Jun/2018:18:10:45 +0100] 0:0:0:0:0:0:0:1 "GET /assets/vendors/base/fonts/line-awesome/line-awesome.woff2?v=1.1. HTTP/1.1" 200 (3 ms)
[06/Jun/2018:18:10:45 +0100] 0:0:0:0:0:0:0:1 "GET /assets/vendors/base/fonts/flaticon/Flaticon.woff HTTP/1.1" 200 (5 ms)
[06/Jun/2018:18:10:45 +0100] 0:0:0:0:0:0:0:1 "GET /assets/vendors/base/vendors.bundle.js HTTP/1.1" 200 (223 ms)
[06/Jun/2018:18:10:46 +0100] 0:0:0:0:0:0:0:1 "GET /assets/app/js/datatables/dataTables.bootstrap.js HTTP/1.1" 404 (3 ms)
[06/Jun/2018:18:10:46 +0100] 0:0:0:0:0:0:0:1 "GET /assets/vendors/base/fonts/font-awesome/fontawesome-webfont.woff2?v=4.7.0 HTTP/1.1" 200 (3 ms)
[06/Jun/2018:18:10:50 +0100] 0:0:0:0:0:0:0:1 "GET /commission/accepted-applicant-list HTTP/1.1" 200 (14 ms)
[06/Jun/2018:18:10:50 +0100] 0:0:0:0:0:0:0:1 "GET /assets/vendors/base/vendors.bundle.css HTTP/1.1" 200 (5 ms)
[06/Jun/2018:18:10:50 +0100] 0:0:0:0:0:0:0:1 "GET /assets/vendors/custom/fullcalendar/fullcalendar.bundle.css HTTP/1.1" 200 (6 ms)
[06/Jun/2018:18:10:50 +0100] 0:0:0:0:0:0:0:1 "GET /assets/demo/default/base/style.bundle.css HTTP/1.1" 200 (22 ms)
[06/Jun/2018:18:10:50 +0100] 0:0:0:0:0:0:0:1 "GET /assets/app/js/dashboard.js HTTP/1.1" 200 (4 ms)
[06/Jun/2018:18:10:50 +0100] 0:0:0:0:0:0:0:1 "GET /assets/demo/default/custom/components/forms/widgets/bootstrap-datepicker.js HTTP/1.1" 200 (4 ms)
[06/Jun/2018:18:10:50 +0100] 0:0:0:0:0:0:0:1 "GET /assets/demo/default/base/scripts.bundle.js HTTP/1.1" 200 (4 ms)
[06/Jun/2018:18:10:50 +0100] 0:0:0:0:0:0:0:1 "GET /assets/demo/default/custom/components/forms/widgets/dropzone.js HTTP/1.1" 200 (4 ms)
[06/Jun/2018:18:10:50 +0100] 0:0:0:0:0:0:0:1 "GET /assets/vendors/custom/fullcalendar/fullcalendar.bundle.js HTTP/1.1" 200 (5 ms)
[06/Jun/2018:18:10:50 +0100] 0:0:0:0:0:0:0:1 "GET /assets/demo/default/custom/components/datatables/base/html-table.js HTTP/1.1" 200 (3 ms)
[06/Jun/2018:18:10:50 +0100] 0:0:0:0:0:0:0:1 "GET /assets/app/js/jquerydatatableseditable/jquery.dataTables.js HTTP/1.1" 200 (4 ms)
[06/Jun/2018:18:10:50 +0100] 0:0:0:0:0:0:0:1 "GET /assets/app/js/datatables/dataTables.bootstrap.js HTTP/1.1" 404 (3 ms)
[06/Jun/2018:18:10:50 +0100] 0:0:0:0:0:0:0:1 "GET /assets/vendors/custom/flot/flot.bundle.js HTTP/1.1" 200 (6 ms)
[06/Jun/2018:18:10:50 +0100] 0:0:0:0:0:0:0:1 "GET /assets/app/js/tinyeditable/mindmupeditabletable.js HTTP/1.1" 200 (4 ms)
[06/Jun/2018:18:10:50 +0100] 0:0:0:0:0:0:0:1 "GET /assets/app/js/tinyeditable/numericinputexample.js HTTP/1.1" 200 (3 ms)
[06/Jun/2018:18:10:50 +0100] 0:0:0:0:0:0:0:1 "GET /assets/app/js/bootstrapextension/js/bootstrapextension.min.js HTTP/1.1" 200 (4 ms)
[06/Jun/2018:18:10:50 +0100] 0:0:0:0:0:0:0:1 "GET /assets/demo/default/custom/components/base/toastr.js HTTP/1.1" 200 (3 ms)
[06/Jun/2018:18:10:50 +0100] 0:0:0:0:0:0:0:1 "GET /assets/demo/default/custom/components/base/treeview.js HTTP/1.1" 200 (2 ms)
[06/Jun/2018:18:10:50 +0100] 0:0:0:0:0:0:0:1 "GET /assets/js/app.js HTTP/1.1" 200 (2 ms)
[06/Jun/2018:18:10:50 +0100] 0:0:0:0:0:0:0:1 "GET /assets/js/files.js HTTP/1.1" 200 (3 ms)
[06/Jun/2018:18:10:50 +0100] 0:0:0:0:0:0:0:1 "GET /assets/demo/default/media/img/logo/logo_default_dark.png HTTP/1.1" 200 (2 ms)
[06/Jun/2018:18:10:50 +0100] 0:0:0:0:0:0:0:1 "GET /assets/app/media/img/users/user4.jpg HTTP/1.1" 200 (2 ms)
[06/Jun/2018:18:10:50 +0100] 0:0:0:0:0:0:0:1 "GET /assets/vendors/base/fonts/line-awesome/line-awesome.woff2?v=1.1. HTTP/1.1" 200 (3 ms)
[06/Jun/2018:18:10:50 +0100] 0:0:0:0:0:0:0:1 "GET /assets/vendors/base/fonts/flaticon/Flaticon.woff HTTP/1.1" 200 (2 ms)
[06/Jun/2018:18:10:50 +0100] 0:0:0:0:0:0:0:1 "GET /assets/vendors/base/vendors.bundle.js HTTP/1.1" 200 (190 ms)
[06/Jun/2018:18:10:51 +0100] 0:0:0:0:0:0:0:1 "GET /assets/app/js/datatables/dataTables.bootstrap.js HTTP/1.1" 404 (3 ms)
[06/Jun/2018:18:10:51 +0100] 0:0:0:0:0:0:0:1 "GET /assets/vendors/base/fonts/font-awesome/fontawesome-webfont.woff2?v=4.7.0 HTTP/1.1" 200 (2 ms)
[06/Jun/2018:18:10:56 +0100] 0:0:0:0:0:0:0:1 "GET /commission/evaluate-applicant HTTP/1.1" 200 (28 ms)
[06/Jun/2018:18:10:56 +0100] 0:0:0:0:0:0:0:1 "GET /assets/vendors/custom/fullcalendar/fullcalendar.bundle.css HTTP/1.1" 200 (4 ms)
[06/Jun/2018:18:10:56 +0100] 0:0:0:0:0:0:0:1 "GET /assets/vendors/base/vendors.bundle.css HTTP/1.1" 200 (4 ms)
[06/Jun/2018:18:10:56 +0100] 0:0:0:0:0:0:0:1 "GET /assets/demo/default/base/style.bundle.css HTTP/1.1" 200 (7 ms)
[06/Jun/2018:18:10:57 +0100] 0:0:0:0:0:0:0:1 "GET /assets/app/js/dashboard.js HTTP/1.1" 200 (4 ms)
[06/Jun/2018:18:10:57 +0100] 0:0:0:0:0:0:0:1 "GET /assets/demo/default/base/scripts.bundle.js HTTP/1.1" 200 (5 ms)
[06/Jun/2018:18:10:57 +0100] 0:0:0:0:0:0:0:1 "GET /assets/demo/default/custom/components/forms/widgets/dropzone.js HTTP/1.1" 200 (3 ms)
[06/Jun/2018:18:10:57 +0100] 0:0:0:0:0:0:0:1 "GET /assets/demo/default/custom/components/forms/widgets/bootstrap-datepicker.js HTTP/1.1" 200 (4 ms)
[06/Jun/2018:18:10:57 +0100] 0:0:0:0:0:0:0:1 "GET /assets/vendors/custom/fullcalendar/fullcalendar.bundle.js HTTP/1.1" 200 (5 ms)
[06/Jun/2018:18:10:57 +0100] 0:0:0:0:0:0:0:1 "GET /assets/app/js/tinyeditable/mindmupeditabletable.js HTTP/1.1" 200 (4 ms)
[06/Jun/2018:18:10:57 +0100] 0:0:0:0:0:0:0:1 "GET /assets/demo/default/custom/components/datatables/base/html-table.js HTTP/1.1" 200 (7 ms)
[06/Jun/2018:18:10:57 +0100] 0:0:0:0:0:0:0:1 "GET /assets/app/js/datatables/dataTables.bootstrap.js HTTP/1.1" 404 (4 ms)
[06/Jun/2018:18:10:57 +0100] 0:0:0:0:0:0:0:1 "GET /assets/app/js/jquerydatatableseditable/jquery.dataTables.js HTTP/1.1" 200 (7 ms)
[06/Jun/2018:18:10:57 +0100] 0:0:0:0:0:0:0:1 "GET /assets/vendors/custom/flot/flot.bundle.js HTTP/1.1" 200 (7 ms)
[06/Jun/2018:18:10:57 +0100] 0:0:0:0:0:0:0:1 "GET /assets/app/js/tinyeditable/numericinputexample.js HTTP/1.1" 200 (4 ms)
[06/Jun/2018:18:10:57 +0100] 0:0:0:0:0:0:0:1 "GET /assets/app/js/bootstrapextension/js/bootstrapextension.min.js HTTP/1.1" 200 (5 ms)
[06/Jun/2018:18:10:57 +0100] 0:0:0:0:0:0:0:1 "GET /assets/demo/default/custom/components/base/treeview.js HTTP/1.1" 200 (4 ms)
[06/Jun/2018:18:10:57 +0100] 0:0:0:0:0:0:0:1 "GET /assets/demo/default/custom/components/base/toastr.js HTTP/1.1" 200 (5 ms)
[06/Jun/2018:18:10:57 +0100] 0:0:0:0:0:0:0:1 "GET /assets/js/app.js HTTP/1.1" 200 (4 ms)
[06/Jun/2018:18:10:57 +0100] 0:0:0:0:0:0:0:1 "GET /assets/js/files.js HTTP/1.1" 200 (2 ms)
[06/Jun/2018:18:10:57 +0100] 0:0:0:0:0:0:0:1 "GET /assets/demo/default/media/img/logo/logo_default_dark.png HTTP/1.1" 200 (3 ms)
[06/Jun/2018:18:10:57 +0100] 0:0:0:0:0:0:0:1 "GET /assets/app/media/img/users/user4.jpg HTTP/1.1" 200 (3 ms)
[06/Jun/2018:18:10:57 +0100] 0:0:0:0:0:0:0:1 "GET /assets/vendors/base/fonts/flaticon/Flaticon.woff HTTP/1.1" 200 (3 ms)
[06/Jun/2018:18:10:57 +0100] 0:0:0:0:0:0:0:1 "GET /assets/vendors/base/fonts/line-awesome/line-awesome.woff2?v=1.1. HTTP/1.1" 200 (5 ms)
[06/Jun/2018:18:10:57 +0100] 0:0:0:0:0:0:0:1 "GET /assets/vendors/base/vendors.bundle.js HTTP/1.1" 200 (207 ms)
[06/Jun/2018:18:10:57 +0100] 0:0:0:0:0:0:0:1 "GET /assets/app/js/datatables/dataTables.bootstrap.js HTTP/1.1" 404 (3 ms)
[06/Jun/2018:18:11:31 +0100] 0:0:0:0:0:0:0:1 "GET /commission/accepted-applicant-list HTTP/1.1" 200 (10 ms)
[06/Jun/2018:18:11:31 +0100] 0:0:0:0:0:0:0:1 "GET /assets/vendors/custom/fullcalendar/fullcalendar.bundle.css HTTP/1.1" 200 (8 ms)
[06/Jun/2018:18:11:31 +0100] 0:0:0:0:0:0:0:1 "GET /assets/vendors/base/vendors.bundle.css HTTP/1.1" 200 (8 ms)
[06/Jun/2018:18:11:31 +0100] 0:0:0:0:0:0:0:1 "GET /assets/demo/default/base/style.bundle.css HTTP/1.1" 200 (12 ms)
[06/Jun/2018:18:11:31 +0100] 0:0:0:0:0:0:0:1 "GET /assets/app/js/datatables/dataTables.bootstrap.js HTTP/1.1" 404 (3 ms)
[06/Jun/2018:18:11:31 +0100] 0:0:0:0:0:0:0:1 "GET /assets/app/js/datatables/dataTables.bootstrap.js HTTP/1.1" 404 (6 ms)
[06/Jun/2018:18:11:31 +0100] 0:0:0:0:0:0:0:1 "GET /assets/vendors/base/fonts/font-awesome/fontawesome-webfont.woff2?v=4.7.0 HTTP/1.1" 200 (3 ms)
[06/Jun/2018:18:11:32 +0100] 0:0:0:0:0:0:0:1 "GET /commission/applicant-list HTTP/1.1" 200 (12 ms)
[06/Jun/2018:18:11:32 +0100] 0:0:0:0:0:0:0:1 "GET /assets/app/js/datatables/dataTables.bootstrap.js HTTP/1.1" 404 (4 ms)
[06/Jun/2018:18:11:32 +0100] 0:0:0:0:0:0:0:1 "GET /assets/app/js/datatables/dataTables.bootstrap.js HTTP/1.1" 404 (5 ms)
[06/Jun/2018:18:11:33 +0100] 0:0:0:0:0:0:0:1 "GET /commission/accepted-applicant-list HTTP/1.1" 200 (7 ms)
[06/Jun/2018:18:11:33 +0100] 0:0:0:0:0:0:0:1 "GET /assets/vendors/base/vendors.bundle.css HTTP/1.1" 200 (5 ms)
[06/Jun/2018:18:11:33 +0100] 0:0:0:0:0:0:0:1 "GET /assets/app/js/datatables/dataTables.bootstrap.js HTTP/1.1" 404 (5 ms)
[06/Jun/2018:18:11:33 +0100] 0:0:0:0:0:0:0:1 "GET /assets/demo/default/base/style.bundle.css HTTP/1.1" 200 (23 ms)
[06/Jun/2018:18:11:33 +0100] 0:0:0:0:0:0:0:1 "GET /assets/app/js/datatables/dataTables.bootstrap.js HTTP/1.1" 404 (3 ms)
[06/Jun/2018:18:11:34 +0100] 0:0:0:0:0:0:0:1 "GET /commission/evaluate-applicant HTTP/1.1" 200 (10 ms)
[06/Jun/2018:18:11:34 +0100] 0:0:0:0:0:0:0:1 "GET /assets/vendors/base/vendors.bundle.css HTTP/1.1" 200 (4 ms)
[06/Jun/2018:18:11:34 +0100] 0:0:0:0:0:0:0:1 "GET /assets/demo/default/base/style.bundle.css HTTP/1.1" 200 (7 ms)
[06/Jun/2018:18:11:34 +0100] 0:0:0:0:0:0:0:1 "GET /assets/app/js/datatables/dataTables.bootstrap.js HTTP/1.1" 404 (5 ms)
[06/Jun/2018:18:11:34 +0100] 0:0:0:0:0:0:0:1 "GET /assets/app/js/datatables/dataTables.bootstrap.js HTTP/1.1" 404 (3 ms)
[06/Jun/2018:18:11:34 +0100] 0:0:0:0:0:0:0:1 "GET /commission/accepted-applicant-list HTTP/1.1" 200 (11 ms)
[06/Jun/2018:18:11:34 +0100] 0:0:0:0:0:0:0:1 "GET /assets/vendors/base/vendors.bundle.css HTTP/1.1" 200 (6 ms)
[06/Jun/2018:18:11:34 +0100] 0:0:0:0:0:0:0:1 "GET /assets/demo/default/base/style.bundle.css HTTP/1.1" 200 (8 ms)
[06/Jun/2018:18:11:34 +0100] 0:0:0:0:0:0:0:1 "GET /assets/app/js/datatables/dataTables.bootstrap.js HTTP/1.1" 404 (3 ms)
[06/Jun/2018:18:11:34 +0100] 0:0:0:0:0:0:0:1 "GET /assets/app/js/datatables/dataTables.bootstrap.js HTTP/1.1" 404 (4 ms)
[06/Jun/2018:18:11:35 +0100] 0:0:0:0:0:0:0:1 "GET /commission/applicant-list HTTP/1.1" 200 (12 ms)
[06/Jun/2018:18:11:35 +0100] 0:0:0:0:0:0:0:1 "GET /assets/vendors/base/vendors.bundle.css HTTP/1.1" 200 (4 ms)
[06/Jun/2018:18:11:35 +0100] 0:0:0:0:0:0:0:1 "GET /assets/demo/default/base/style.bundle.css HTTP/1.1" 200 (8 ms)
[06/Jun/2018:18:11:35 +0100] 0:0:0:0:0:0:0:1 "GET /assets/app/js/datatables/dataTables.bootstrap.js HTTP/1.1" 404 (2 ms)
[06/Jun/2018:18:11:35 +0100] 0:0:0:0:0:0:0:1 "GET /assets/app/js/datatables/dataTables.bootstrap.js HTTP/1.1" 404 (3 ms)
[06/Jun/2018:18:11:39 +0100] 0:0:0:0:0:0:0:1 "GET /commission/accepted-applicant-list HTTP/1.1" 200 (7 ms)
[06/Jun/2018:18:11:39 +0100] 0:0:0:0:0:0:0:1 "GET /assets/vendors/base/vendors.bundle.css HTTP/1.1" 200 (3 ms)
[06/Jun/2018:18:11:39 +0100] 0:0:0:0:0:0:0:1 "GET /assets/demo/default/base/style.bundle.css HTTP/1.1" 200 (8 ms)
[06/Jun/2018:18:11:39 +0100] 0:0:0:0:0:0:0:1 "GET /assets/app/js/datatables/dataTables.bootstrap.js HTTP/1.1" 404 (6 ms)
[06/Jun/2018:18:11:39 +0100] 0:0:0:0:0:0:0:1 "GET /assets/app/js/datatables/dataTables.bootstrap.js HTTP/1.1" 404 (5 ms)
[06/Jun/2018:18:11:40 +0100] 0:0:0:0:0:0:0:1 "GET /commission/evaluate-applicant HTTP/1.1" 200 (11 ms)
[06/Jun/2018:18:11:40 +0100] 0:0:0:0:0:0:0:1 "GET /assets/vendors/base/vendors.bundle.css HTTP/1.1" 200 (4 ms)
[06/Jun/2018:18:11:40 +0100] 0:0:0:0:0:0:0:1 "GET /assets/app/js/datatables/dataTables.bootstrap.js HTTP/1.1" 404 (3 ms)
[06/Jun/2018:18:11:40 +0100] 0:0:0:0:0:0:0:1 "GET /assets/demo/default/base/style.bundle.css HTTP/1.1" 200 (25 ms)
[06/Jun/2018:18:11:40 +0100] 0:0:0:0:0:0:0:1 "GET /assets/app/js/datatables/dataTables.bootstrap.js HTTP/1.1" 404 (3 ms)
[06/Jun/2018:18:15:39 +0100] 0:0:0:0:0:0:0:1 "GET /login HTTP/1.1" 200 (5 ms)
[06/Jun/2018:18:15:39 +0100] 0:0:0:0:0:0:0:1 "GET /assets/vendors/custom/fullcalendar/fullcalendar.bundle.css HTTP/1.1" 200 (2 ms)
[06/Jun/2018:18:15:39 +0100] 0:0:0:0:0:0:0:1 "GET /assets/vendors/base/vendors.bundle.css HTTP/1.1" 200 (3 ms)
[06/Jun/2018:18:15:39 +0100] 0:0:0:0:0:0:0:1 "GET /assets/demo/default/base/style.bundle.css HTTP/1.1" 200 (8 ms)
[06/Jun/2018:18:15:39 +0100] 0:0:0:0:0:0:0:1 "GET /assets/app/media/img//logos/logo-2.png HTTP/1.1" 200 (3 ms)
[06/Jun/2018:18:15:39 +0100] 0:0:0:0:0:0:0:1 "GET /assets/vendors/base/vendors.bundle.js HTTP/1.1" 200 (10 ms)
[06/Jun/2018:18:15:39 +0100] 0:0:0:0:0:0:0:1 "GET /assets/demo/default/base/scripts.bundle.js HTTP/1.1" 200 (3 ms)
[06/Jun/2018:18:15:39 +0100] 0:0:0:0:0:0:0:1 "GET /assets/snippets/pages/user/login.js HTTP/1.1" 200 (2 ms)
[06/Jun/2018:18:15:39 +0100] 0:0:0:0:0:0:0:1 "GET /login HTTP/1.1" 200 (3 ms)
[06/Jun/2018:18:15:39 +0100] 0:0:0:0:0:0:0:1 "GET /assets/vendors/custom/fullcalendar/fullcalendar.bundle.css HTTP/1.1" 200 (2 ms)
[06/Jun/2018:18:15:39 +0100] 0:0:0:0:0:0:0:1 "GET /assets/vendors/base/vendors.bundle.css HTTP/1.1" 200 (3 ms)
[06/Jun/2018:18:15:39 +0100] 0:0:0:0:0:0:0:1 "GET /assets/demo/default/base/style.bundle.css HTTP/1.1" 200 (5 ms)
[06/Jun/2018:18:15:39 +0100] 0:0:0:0:0:0:0:1 "GET /assets/app/media/img//logos/logo-2.png HTTP/1.1" 200 (4 ms)
[06/Jun/2018:18:15:39 +0100] 0:0:0:0:0:0:0:1 "GET /assets/app/media/img//bg/bg-4.jpg HTTP/1.1" 200 (4 ms)
[06/Jun/2018:18:15:39 +0100] 0:0:0:0:0:0:0:1 "GET /assets/snippets/pages/user/login.js HTTP/1.1" 200 (2 ms)
[06/Jun/2018:18:15:39 +0100] 0:0:0:0:0:0:0:1 "GET /assets/demo/default/base/scripts.bundle.js HTTP/1.1" 200 (4 ms)
[06/Jun/2018:18:15:40 +0100] 0:0:0:0:0:0:0:1 "GET /assets/vendors/base/vendors.bundle.js HTTP/1.1" 200 (141 ms)
[06/Jun/2018:18:15:43 +0100] 0:0:0:0:0:0:0:1 "POST /login HTTP/1.1" 302 (110 ms)
[06/Jun/2018:18:15:43 +0100] 0:0:0:0:0:0:0:1 "GET /home HTTP/1.1" 200 (7 ms)
[06/Jun/2018:18:15:43 +0100] 0:0:0:0:0:0:0:1 "GET /assets/vendors/base/vendors.bundle.css HTTP/1.1" 200 (5 ms)
[06/Jun/2018:18:15:43 +0100] 0:0:0:0:0:0:0:1 "GET /assets/vendors/custom/fullcalendar/fullcalendar.bundle.css HTTP/1.1" 200 (6 ms)
[06/Jun/2018:18:15:43 +0100] 0:0:0:0:0:0:0:1 "GET /assets/demo/default/base/style.bundle.css HTTP/1.1" 200 (24 ms)
[06/Jun/2018:18:15:43 +0100] 0:0:0:0:0:0:0:1 "GET /assets/app/js/dashboard.js HTTP/1.1" 200 (3 ms)
[06/Jun/2018:18:15:43 +0100] 0:0:0:0:0:0:0:1 "GET /assets/demo/default/custom/components/forms/widgets/bootstrap-datepicker.js HTTP/1.1" 200 (4 ms)
[06/Jun/2018:18:15:43 +0100] 0:0:0:0:0:0:0:1 "GET /assets/vendors/custom/fullcalendar/fullcalendar.bundle.js HTTP/1.1" 200 (5 ms)
[06/Jun/2018:18:15:43 +0100] 0:0:0:0:0:0:0:1 "GET /assets/demo/default/base/scripts.bundle.js HTTP/1.1" 200 (7 ms)
[06/Jun/2018:18:15:43 +0100] 0:0:0:0:0:0:0:1 "GET /assets/demo/default/custom/components/forms/widgets/dropzone.js HTTP/1.1" 200 (5 ms)
[06/Jun/2018:18:15:43 +0100] 0:0:0:0:0:0:0:1 "GET /assets/demo/default/custom/components/datatables/base/html-table.js HTTP/1.1" 200 (4 ms)
[06/Jun/2018:18:15:43 +0100] 0:0:0:0:0:0:0:1 "GET /assets/vendors/custom/flot/flot.bundle.js HTTP/1.1" 200 (4 ms)
[06/Jun/2018:18:15:43 +0100] 0:0:0:0:0:0:0:1 "GET /assets/app/js/jquerydatatableseditable/jquery.dataTables.js HTTP/1.1" 200 (4 ms)
[06/Jun/2018:18:15:43 +0100] 0:0:0:0:0:0:0:1 "GET /assets/app/js/tinyeditable/mindmupeditabletable.js HTTP/1.1" 200 (4 ms)
[06/Jun/2018:18:15:43 +0100] 0:0:0:0:0:0:0:1 "GET /assets/app/js/datatables/dataTables.bootstrap.js HTTP/1.1" 404 (5 ms)
[06/Jun/2018:18:15:43 +0100] 0:0:0:0:0:0:0:1 "GET /assets/demo/default/custom/components/base/treeview.js HTTP/1.1" 200 (4 ms)
[06/Jun/2018:18:15:43 +0100] 0:0:0:0:0:0:0:1 "GET /assets/js/app.js HTTP/1.1" 200 (4 ms)
[06/Jun/2018:18:15:43 +0100] 0:0:0:0:0:0:0:1 "GET /assets/app/js/tinyeditable/numericinputexample.js HTTP/1.1" 200 (4 ms)
[06/Jun/2018:18:15:43 +0100] 0:0:0:0:0:0:0:1 "GET /assets/demo/default/custom/components/base/toastr.js HTTP/1.1" 200 (4 ms)
[06/Jun/2018:18:15:43 +0100] 0:0:0:0:0:0:0:1 "GET /assets/app/js/bootstrapextension/js/bootstrapextension.min.js HTTP/1.1" 200 (4 ms)
[06/Jun/2018:18:15:43 +0100] 0:0:0:0:0:0:0:1 "GET /assets/js/files.js HTTP/1.1" 200 (2 ms)
[06/Jun/2018:18:15:43 +0100] 0:0:0:0:0:0:0:1 "GET /assets/app/media/img/users/user4.jpg HTTP/1.1" 200 (3 ms)
[06/Jun/2018:18:15:43 +0100] 0:0:0:0:0:0:0:1 "GET /assets/demo/default/media/img/logo/logo_default_dark.png HTTP/1.1" 200 (3 ms)
[06/Jun/2018:18:15:43 +0100] 0:0:0:0:0:0:0:1 "GET /assets/vendors/base/fonts/flaticon/Flaticon.woff HTTP/1.1" 200 (3 ms)
[06/Jun/2018:18:15:43 +0100] 0:0:0:0:0:0:0:1 "GET /assets/vendors/base/fonts/line-awesome/line-awesome.woff2?v=1.1. HTTP/1.1" 200 (2 ms)
[06/Jun/2018:18:15:43 +0100] 0:0:0:0:0:0:0:1 "GET /assets/vendors/base/vendors.bundle.js HTTP/1.1" 200 (261 ms)
[06/Jun/2018:18:15:43 +0100] 0:0:0:0:0:0:0:1 "GET /assets/app/js/datatables/dataTables.bootstrap.js HTTP/1.1" 404 (3 ms)
[06/Jun/2018:18:15:46 +0100] 0:0:0:0:0:0:0:1 "GET /assets/app/media/img/misc/user_profile_bg.jpg HTTP/1.1" 200 (3 ms)
[06/Jun/2018:18:15:46 +0100] 0:0:0:0:0:0:0:1 "GET /assets/vendors/base/fonts/metronic/Metronic_fda1334c35d0f5fe2afb3afebbb6774a.woff2 HTTP/1.1" 200 (3 ms)
[06/Jun/2018:18:15:47 +0100] 0:0:0:0:0:0:0:1 "POST /logout HTTP/1.1" 302 (1 ms)
[06/Jun/2018:18:15:47 +0100] 0:0:0:0:0:0:0:1 "GET / HTTP/1.1" 200 (2 ms)
[06/Jun/2018:18:15:47 +0100] 0:0:0:0:0:0:0:1 "GET /assets/vendors/custom/fullcalendar/fullcalendar.bundle.css HTTP/1.1" 200 (4 ms)
[06/Jun/2018:18:15:47 +0100] 0:0:0:0:0:0:0:1 "GET /assets/vendors/base/vendors.bundle.css HTTP/1.1" 200 (8 ms)
[06/Jun/2018:18:15:47 +0100] 0:0:0:0:0:0:0:1 "GET /assets/demo/default/base/style.bundle.css HTTP/1.1" 200 (24 ms)
[06/Jun/2018:18:15:47 +0100] 0:0:0:0:0:0:0:1 "GET /assets/snippets/pages/user/login.js HTTP/1.1" 200 (3 ms)
[06/Jun/2018:18:15:47 +0100] 0:0:0:0:0:0:0:1 "GET /assets/demo/default/base/scripts.bundle.js HTTP/1.1" 200 (3 ms)
[06/Jun/2018:18:15:47 +0100] 0:0:0:0:0:0:0:1 "GET /assets/app/media/img//logos/logo-2.png HTTP/1.1" 200 (4 ms)
[06/Jun/2018:18:15:47 +0100] 0:0:0:0:0:0:0:1 "GET /assets/app/media/img//bg/bg-4.jpg HTTP/1.1" 200 (4 ms)
[06/Jun/2018:18:15:47 +0100] 0:0:0:0:0:0:0:1 "GET /assets/vendors/base/vendors.bundle.js HTTP/1.1" 200 (149 ms)
[06/Jun/2018:18:15:54 +0100] 0:0:0:0:0:0:0:1 "POST /login HTTP/1.1" 302 (113 ms)
[06/Jun/2018:18:15:54 +0100] 0:0:0:0:0:0:0:1 "GET /home HTTP/1.1" 200 (11 ms)
[06/Jun/2018:18:15:54 +0100] 0:0:0:0:0:0:0:1 "GET /assets/vendors/custom/fullcalendar/fullcalendar.bundle.css HTTP/1.1" 200 (5 ms)
[06/Jun/2018:18:15:54 +0100] 0:0:0:0:0:0:0:1 "GET /assets/vendors/base/vendors.bundle.css HTTP/1.1" 200 (5 ms)
[06/Jun/2018:18:15:54 +0100] 0:0:0:0:0:0:0:1 "GET /assets/demo/default/base/style.bundle.css HTTP/1.1" 200 (22 ms)
[06/Jun/2018:18:15:54 +0100] 0:0:0:0:0:0:0:1 "GET /assets/app/js/dashboard.js HTTP/1.1" 200 (4 ms)
[06/Jun/2018:18:15:54 +0100] 0:0:0:0:0:0:0:1 "GET /assets/demo/default/base/scripts.bundle.js HTTP/1.1" 200 (5 ms)
[06/Jun/2018:18:15:54 +0100] 0:0:0:0:0:0:0:1 "GET /assets/vendors/custom/fullcalendar/fullcalendar.bundle.js HTTP/1.1" 200 (5 ms)
[06/Jun/2018:18:15:54 +0100] 0:0:0:0:0:0:0:1 "GET /assets/demo/default/custom/components/forms/widgets/dropzone.js HTTP/1.1" 200 (7 ms)
[06/Jun/2018:18:15:54 +0100] 0:0:0:0:0:0:0:1 "GET /assets/demo/default/custom/components/forms/widgets/bootstrap-datepicker.js HTTP/1.1" 200 (7 ms)
[06/Jun/2018:18:15:54 +0100] 0:0:0:0:0:0:0:1 "GET /assets/vendors/custom/flot/flot.bundle.js HTTP/1.1" 200 (4 ms)
[06/Jun/2018:18:15:54 +0100] 0:0:0:0:0:0:0:1 "GET /assets/demo/default/custom/components/datatables/base/html-table.js HTTP/1.1" 200 (4 ms)
[06/Jun/2018:18:15:54 +0100] 0:0:0:0:0:0:0:1 "GET /assets/app/js/tinyeditable/mindmupeditabletable.js HTTP/1.1" 200 (4 ms)
[06/Jun/2018:18:15:54 +0100] 0:0:0:0:0:0:0:1 "GET /assets/app/js/datatables/dataTables.bootstrap.js HTTP/1.1" 404 (4 ms)
[06/Jun/2018:18:15:54 +0100] 0:0:0:0:0:0:0:1 "GET /assets/app/js/jquerydatatableseditable/jquery.dataTables.js HTTP/1.1" 200 (5 ms)
[06/Jun/2018:18:15:54 +0100] 0:0:0:0:0:0:0:1 "GET /assets/app/js/tinyeditable/numericinputexample.js HTTP/1.1" 200 (5 ms)
[06/Jun/2018:18:15:54 +0100] 0:0:0:0:0:0:0:1 "GET /assets/demo/default/custom/components/base/treeview.js HTTP/1.1" 200 (5 ms)
[06/Jun/2018:18:15:54 +0100] 0:0:0:0:0:0:0:1 "GET /assets/js/app.js HTTP/1.1" 200 (5 ms)
[06/Jun/2018:18:15:54 +0100] 0:0:0:0:0:0:0:1 "GET /assets/app/js/bootstrapextension/js/bootstrapextension.min.js HTTP/1.1" 200 (6 ms)
[06/Jun/2018:18:15:54 +0100] 0:0:0:0:0:0:0:1 "GET /assets/demo/default/custom/components/base/toastr.js HTTP/1.1" 200 (6 ms)
[06/Jun/2018:18:15:54 +0100] 0:0:0:0:0:0:0:1 "GET /assets/js/files.js HTTP/1.1" 200 (3 ms)
[06/Jun/2018:18:15:54 +0100] 0:0:0:0:0:0:0:1 "GET /assets/demo/default/media/img/logo/logo_default_dark.png HTTP/1.1" 200 (4 ms)
[06/Jun/2018:18:15:54 +0100] 0:0:0:0:0:0:0:1 "GET /assets/app/media/img/users/user4.jpg HTTP/1.1" 200 (4 ms)
[06/Jun/2018:18:15:54 +0100] 0:0:0:0:0:0:0:1 "GET /assets/vendors/base/fonts/flaticon/Flaticon.woff HTTP/1.1" 200 (3 ms)
[06/Jun/2018:18:15:54 +0100] 0:0:0:0:0:0:0:1 "GET /assets/vendors/base/fonts/line-awesome/line-awesome.woff2?v=1.1. HTTP/1.1" 200 (5 ms)
[06/Jun/2018:18:15:54 +0100] 0:0:0:0:0:0:0:1 "GET /assets/vendors/base/vendors.bundle.js HTTP/1.1" 200 (190 ms)
[06/Jun/2018:18:15:54 +0100] 0:0:0:0:0:0:0:1 "GET /assets/app/js/datatables/dataTables.bootstrap.js HTTP/1.1" 404 (5 ms)
[06/Jun/2018:18:15:56 +0100] 0:0:0:0:0:0:0:1 "GET /commission/accepted-applicant-list HTTP/1.1" 200 (9 ms)
[06/Jun/2018:18:15:56 +0100] 0:0:0:0:0:0:0:1 "GET /assets/vendors/custom/fullcalendar/fullcalendar.bundle.css HTTP/1.1" 200 (8 ms)
[06/Jun/2018:18:15:56 +0100] 0:0:0:0:0:0:0:1 "GET /assets/vendors/base/vendors.bundle.css HTTP/1.1" 200 (7 ms)
[06/Jun/2018:18:15:56 +0100] 0:0:0:0:0:0:0:1 "GET /assets/demo/default/base/style.bundle.css HTTP/1.1" 200 (25 ms)
[06/Jun/2018:18:15:56 +0100] 0:0:0:0:0:0:0:1 "GET /assets/app/js/dashboard.js HTTP/1.1" 200 (6 ms)
[06/Jun/2018:18:15:56 +0100] 0:0:0:0:0:0:0:1 "GET /assets/demo/default/base/scripts.bundle.js HTTP/1.1" 200 (7 ms)
[06/Jun/2018:18:15:56 +0100] 0:0:0:0:0:0:0:1 "GET /assets/demo/default/custom/components/forms/widgets/dropzone.js HTTP/1.1" 200 (6 ms)
[06/Jun/2018:18:15:56 +0100] 0:0:0:0:0:0:0:1 "GET /assets/vendors/custom/fullcalendar/fullcalendar.bundle.js HTTP/1.1" 200 (7 ms)
[06/Jun/2018:18:15:56 +0100] 0:0:0:0:0:0:0:1 "GET /assets/demo/default/custom/components/forms/widgets/bootstrap-datepicker.js HTTP/1.1" 200 (6 ms)
[06/Jun/2018:18:15:56 +0100] 0:0:0:0:0:0:0:1 "GET /assets/demo/default/custom/components/datatables/base/html-table.js HTTP/1.1" 200 (4 ms)
[06/Jun/2018:18:15:56 +0100] 0:0:0:0:0:0:0:1 "GET /assets/vendors/custom/flot/flot.bundle.js HTTP/1.1" 200 (4 ms)
[06/Jun/2018:18:15:56 +0100] 0:0:0:0:0:0:0:1 "GET /assets/app/js/jquerydatatableseditable/jquery.dataTables.js HTTP/1.1" 200 (4 ms)
[06/Jun/2018:18:15:56 +0100] 0:0:0:0:0:0:0:1 "GET /assets/app/js/datatables/dataTables.bootstrap.js HTTP/1.1" 404 (4 ms)
[06/Jun/2018:18:15:56 +0100] 0:0:0:0:0:0:0:1 "GET /assets/app/js/tinyeditable/mindmupeditabletable.js HTTP/1.1" 200 (4 ms)
[06/Jun/2018:18:15:56 +0100] 0:0:0:0:0:0:0:1 "GET /assets/app/js/tinyeditable/numericinputexample.js HTTP/1.1" 200 (4 ms)
[06/Jun/2018:18:15:56 +0100] 0:0:0:0:0:0:0:1 "GET /assets/app/js/bootstrapextension/js/bootstrapextension.min.js HTTP/1.1" 200 (4 ms)
[06/Jun/2018:18:15:56 +0100] 0:0:0:0:0:0:0:1 "GET /assets/demo/default/custom/components/base/toastr.js HTTP/1.1" 200 (4 ms)
[06/Jun/2018:18:15:56 +0100] 0:0:0:0:0:0:0:1 "GET /assets/demo/default/custom/components/base/treeview.js HTTP/1.1" 200 (5 ms)
[06/Jun/2018:18:15:56 +0100] 0:0:0:0:0:0:0:1 "GET /assets/js/app.js HTTP/1.1" 200 (4 ms)
[06/Jun/2018:18:15:56 +0100] 0:0:0:0:0:0:0:1 "GET /assets/js/files.js HTTP/1.1" 200 (3 ms)
[06/Jun/2018:18:15:56 +0100] 0:0:0:0:0:0:0:1 "GET /assets/app/media/img/users/user4.jpg HTTP/1.1" 200 (2 ms)
[06/Jun/2018:18:15:56 +0100] 0:0:0:0:0:0:0:1 "GET /assets/demo/default/media/img/logo/logo_default_dark.png HTTP/1.1" 200 (3 ms)
[06/Jun/2018:18:15:56 +0100] 0:0:0:0:0:0:0:1 "GET /assets/vendors/base/fonts/line-awesome/line-awesome.woff2?v=1.1. HTTP/1.1" 200 (2 ms)
[06/Jun/2018:18:15:56 +0100] 0:0:0:0:0:0:0:1 "GET /assets/vendors/base/fonts/flaticon/Flaticon.woff HTTP/1.1" 200 (2 ms)
[06/Jun/2018:18:15:56 +0100] 0:0:0:0:0:0:0:1 "GET /assets/vendors/base/vendors.bundle.js HTTP/1.1" 200 (196 ms)
[06/Jun/2018:18:15:57 +0100] 0:0:0:0:0:0:0:1 "GET /assets/app/js/datatables/dataTables.bootstrap.js HTTP/1.1" 404 (5 ms)
[06/Jun/2018:18:15:57 +0100] 0:0:0:0:0:0:0:1 "GET /assets/vendors/base/fonts/font-awesome/fontawesome-webfont.woff2?v=4.7.0 HTTP/1.1" 200 (5 ms)
[06/Jun/2018:18:15:59 +0100] 0:0:0:0:0:0:0:1 "GET /commission/evaluate-applicant HTTP/1.1" 200 (12 ms)
[06/Jun/2018:18:15:59 +0100] 0:0:0:0:0:0:0:1 "GET /assets/vendors/custom/fullcalendar/fullcalendar.bundle.css HTTP/1.1" 200 (4 ms)
[06/Jun/2018:18:15:59 +0100] 0:0:0:0:0:0:0:1 "GET /assets/vendors/base/vendors.bundle.css HTTP/1.1" 200 (4 ms)
[06/Jun/2018:18:15:59 +0100] 0:0:0:0:0:0:0:1 "GET /assets/demo/default/base/style.bundle.css HTTP/1.1" 200 (8 ms)
[06/Jun/2018:18:15:59 +0100] 0:0:0:0:0:0:0:1 "GET /assets/app/js/dashboard.js HTTP/1.1" 200 (4 ms)
[06/Jun/2018:18:15:59 +0100] 0:0:0:0:0:0:0:1 "GET /assets/demo/default/base/scripts.bundle.js HTTP/1.1" 200 (6 ms)
[06/Jun/2018:18:15:59 +0100] 0:0:0:0:0:0:0:1 "GET /assets/vendors/custom/fullcalendar/fullcalendar.bundle.js HTTP/1.1" 200 (5 ms)
[06/Jun/2018:18:15:59 +0100] 0:0:0:0:0:0:0:1 "GET /assets/demo/default/custom/components/forms/widgets/dropzone.js HTTP/1.1" 200 (5 ms)
[06/Jun/2018:18:15:59 +0100] 0:0:0:0:0:0:0:1 "GET /assets/demo/default/custom/components/forms/widgets/bootstrap-datepicker.js HTTP/1.1" 200 (6 ms)
[06/Jun/2018:18:15:59 +0100] 0:0:0:0:0:0:0:1 "GET /assets/demo/default/custom/components/datatables/base/html-table.js HTTP/1.1" 200 (5 ms)
[06/Jun/2018:18:15:59 +0100] 0:0:0:0:0:0:0:1 "GET /assets/app/js/jquerydatatableseditable/jquery.dataTables.js HTTP/1.1" 200 (5 ms)
[06/Jun/2018:18:15:59 +0100] 0:0:0:0:0:0:0:1 "GET /assets/vendors/custom/flot/flot.bundle.js HTTP/1.1" 200 (5 ms)
[06/Jun/2018:18:15:59 +0100] 0:0:0:0:0:0:0:1 "GET /assets/app/js/datatables/dataTables.bootstrap.js HTTP/1.1" 404 (4 ms)
[06/Jun/2018:18:15:59 +0100] 0:0:0:0:0:0:0:1 "GET /assets/app/js/tinyeditable/mindmupeditabletable.js HTTP/1.1" 200 (3 ms)
[06/Jun/2018:18:15:59 +0100] 0:0:0:0:0:0:0:1 "GET /assets/app/js/tinyeditable/numericinputexample.js HTTP/1.1" 200 (4 ms)
[06/Jun/2018:18:15:59 +0100] 0:0:0:0:0:0:0:1 "GET /assets/app/js/bootstrapextension/js/bootstrapextension.min.js HTTP/1.1" 200 (4 ms)
[06/Jun/2018:18:15:59 +0100] 0:0:0:0:0:0:0:1 "GET /assets/js/app.js HTTP/1.1" 200 (5 ms)
[06/Jun/2018:18:15:59 +0100] 0:0:0:0:0:0:0:1 "GET /assets/demo/default/custom/components/base/toastr.js HTTP/1.1" 200 (5 ms)
[06/Jun/2018:18:15:59 +0100] 0:0:0:0:0:0:0:1 "GET /assets/demo/default/custom/components/base/treeview.js HTTP/1.1" 200 (5 ms)
[06/Jun/2018:18:15:59 +0100] 0:0:0:0:0:0:0:1 "GET /assets/js/files.js HTTP/1.1" 200 (2 ms)
[06/Jun/2018:18:15:59 +0100] 0:0:0:0:0:0:0:1 "GET /assets/demo/default/media/img/logo/logo_default_dark.png HTTP/1.1" 200 (3 ms)
[06/Jun/2018:18:15:59 +0100] 0:0:0:0:0:0:0:1 "GET /assets/app/media/img/users/user4.jpg HTTP/1.1" 200 (3 ms)
[06/Jun/2018:18:15:59 +0100] 0:0:0:0:0:0:0:1 "GET /assets/vendors/base/fonts/flaticon/Flaticon.woff HTTP/1.1" 200 (5 ms)
[06/Jun/2018:18:15:59 +0100] 0:0:0:0:0:0:0:1 "GET /assets/vendors/base/fonts/line-awesome/line-awesome.woff2?v=1.1. HTTP/1.1" 200 (4 ms)
[06/Jun/2018:18:15:59 +0100] 0:0:0:0:0:0:0:1 "GET /assets/vendors/base/vendors.bundle.js HTTP/1.1" 200 (196 ms)
[06/Jun/2018:18:15:59 +0100] 0:0:0:0:0:0:0:1 "GET /assets/app/js/datatables/dataTables.bootstrap.js HTTP/1.1" 404 (3 ms)
[06/Jun/2018:18:16:11 +0100] 0:0:0:0:0:0:0:1 "GET /commission/index.html HTTP/1.1" 404 (7 ms)
[06/Jun/2018:21:54:00 +0100] 0:0:0:0:0:0:0:1 "GET /login HTTP/1.1" 200 (3 ms)
[06/Jun/2018:21:54:00 +0100] 0:0:0:0:0:0:0:1 "GET /assets/vendors/custom/fullcalendar/fullcalendar.bundle.css HTTP/1.1" 200 (3 ms)
[06/Jun/2018:21:54:00 +0100] 0:0:0:0:0:0:0:1 "GET /assets/vendors/base/vendors.bundle.css HTTP/1.1" 200 (3 ms)
[06/Jun/2018:21:54:00 +0100] 0:0:0:0:0:0:0:1 "GET /assets/demo/default/base/style.bundle.css HTTP/1.1" 200 (6 ms)
[06/Jun/2018:21:54:00 +0100] 0:0:0:0:0:0:0:1 "GET /assets/app/media/img//logos/logo-2.png HTTP/1.1" 200 (1 ms)
[06/Jun/2018:21:54:00 +0100] 0:0:0:0:0:0:0:1 "GET /assets/vendors/base/vendors.bundle.js HTTP/1.1" 200 (13 ms)
[06/Jun/2018:21:54:00 +0100] 0:0:0:0:0:0:0:1 "GET /assets/demo/default/base/scripts.bundle.js HTTP/1.1" 200 (2 ms)
[06/Jun/2018:21:54:00 +0100] 0:0:0:0:0:0:0:1 "GET /assets/snippets/pages/user/login.js HTTP/1.1" 200 (2 ms)
[06/Jun/2018:21:54:00 +0100] 0:0:0:0:0:0:0:1 "GET /login HTTP/1.1" 200 (4 ms)
[06/Jun/2018:21:54:00 +0100] 0:0:0:0:0:0:0:1 "GET /assets/vendors/custom/fullcalendar/fullcalendar.bundle.css HTTP/1.1" 200 (2 ms)
[06/Jun/2018:21:54:00 +0100] 0:0:0:0:0:0:0:1 "GET /assets/vendors/base/vendors.bundle.css HTTP/1.1" 200 (3 ms)
[06/Jun/2018:21:54:00 +0100] 0:0:0:0:0:0:0:1 "GET /assets/demo/default/base/style.bundle.css HTTP/1.1" 200 (68 ms)
[06/Jun/2018:21:54:00 +0100] 0:0:0:0:0:0:0:1 "GET /assets/app/media/img//logos/logo-2.png HTTP/1.1" 200 (2 ms)
[06/Jun/2018:21:54:00 +0100] 0:0:0:0:0:0:0:1 "GET /assets/app/media/img//bg/bg-4.jpg HTTP/1.1" 200 (4 ms)
[06/Jun/2018:21:54:00 +0100] 0:0:0:0:0:0:0:1 "GET /assets/vendors/base/vendors.bundle.js HTTP/1.1" 200 (123 ms)
[06/Jun/2018:21:54:00 +0100] 0:0:0:0:0:0:0:1 "GET /assets/demo/default/base/scripts.bundle.js HTTP/1.1" 200 (3 ms)
[06/Jun/2018:21:54:00 +0100] 0:0:0:0:0:0:0:1 "GET /assets/snippets/pages/user/login.js HTTP/1.1" 200 (2 ms)
[06/Jun/2018:21:54:02 +0100] 0:0:0:0:0:0:0:1 "POST /login HTTP/1.1" 302 (116 ms)
[06/Jun/2018:21:54:02 +0100] 0:0:0:0:0:0:0:1 "GET /home HTTP/1.1" 200 (6 ms)
[06/Jun/2018:21:54:02 +0100] 0:0:0:0:0:0:0:1 "GET /assets/vendors/custom/fullcalendar/fullcalendar.bundle.css HTTP/1.1" 200 (5 ms)
[06/Jun/2018:21:54:02 +0100] 0:0:0:0:0:0:0:1 "GET /assets/vendors/base/vendors.bundle.css HTTP/1.1" 200 (5 ms)
[06/Jun/2018:21:54:02 +0100] 0:0:0:0:0:0:0:1 "GET /assets/demo/default/base/style.bundle.css HTTP/1.1" 200 (24 ms)
[06/Jun/2018:21:54:02 +0100] 0:0:0:0:0:0:0:1 "GET /assets/demo/default/base/scripts.bundle.js HTTP/1.1" 200 (4 ms)
[06/Jun/2018:21:54:02 +0100] 0:0:0:0:0:0:0:1 "GET /assets/app/js/dashboard.js HTTP/1.1" 200 (5 ms)
[06/Jun/2018:21:54:02 +0100] 0:0:0:0:0:0:0:1 "GET /assets/vendors/custom/fullcalendar/fullcalendar.bundle.js HTTP/1.1" 200 (8 ms)
[06/Jun/2018:21:54:02 +0100] 0:0:0:0:0:0:0:1 "GET /assets/demo/default/custom/components/forms/widgets/bootstrap-datepicker.js HTTP/1.1" 200 (6 ms)
[06/Jun/2018:21:54:02 +0100] 0:0:0:0:0:0:0:1 "GET /assets/demo/default/custom/components/forms/widgets/dropzone.js HTTP/1.1" 200 (7 ms)
[06/Jun/2018:21:54:02 +0100] 0:0:0:0:0:0:0:1 "GET /assets/demo/default/custom/components/datatables/base/html-table.js HTTP/1.1" 200 (4 ms)
[06/Jun/2018:21:54:02 +0100] 0:0:0:0:0:0:0:1 "GET /assets/vendors/custom/flot/flot.bundle.js HTTP/1.1" 200 (3 ms)
[06/Jun/2018:21:54:02 +0100] 0:0:0:0:0:0:0:1 "GET /assets/app/js/jquerydatatableseditable/jquery.dataTables.js HTTP/1.1" 200 (3 ms)
[06/Jun/2018:21:54:02 +0100] 0:0:0:0:0:0:0:1 "GET /assets/app/js/tinyeditable/mindmupeditabletable.js HTTP/1.1" 200 (3 ms)
[06/Jun/2018:21:54:02 +0100] 0:0:0:0:0:0:0:1 "GET /assets/app/js/datatables/dataTables.bootstrap.js HTTP/1.1" 404 (4 ms)
[06/Jun/2018:21:54:02 +0100] 0:0:0:0:0:0:0:1 "GET /assets/app/js/tinyeditable/numericinputexample.js HTTP/1.1" 200 (3 ms)
[06/Jun/2018:21:54:02 +0100] 0:0:0:0:0:0:0:1 "GET /assets/app/js/bootstrapextension/js/bootstrapextension.min.js HTTP/1.1" 200 (5 ms)
[06/Jun/2018:21:54:02 +0100] 0:0:0:0:0:0:0:1 "GET /assets/demo/default/custom/components/base/toastr.js HTTP/1.1" 200 (3 ms)
[06/Jun/2018:21:54:02 +0100] 0:0:0:0:0:0:0:1 "GET /assets/js/app.js HTTP/1.1" 200 (3 ms)
[06/Jun/2018:21:54:02 +0100] 0:0:0:0:0:0:0:1 "GET /assets/demo/default/custom/components/base/treeview.js HTTP/1.1" 200 (4 ms)
[06/Jun/2018:21:54:02 +0100] 0:0:0:0:0:0:0:1 "GET /assets/js/files.js HTTP/1.1" 200 (3 ms)
[06/Jun/2018:21:54:02 +0100] 0:0:0:0:0:0:0:1 "GET /assets/demo/default/media/img/logo/logo_default_dark.png HTTP/1.1" 200 (3 ms)
[06/Jun/2018:21:54:02 +0100] 0:0:0:0:0:0:0:1 "GET /assets/app/media/img/users/user4.jpg HTTP/1.1" 200 (3 ms)
[06/Jun/2018:21:54:02 +0100] 0:0:0:0:0:0:0:1 "GET /assets/vendors/base/fonts/flaticon/Flaticon.woff HTTP/1.1" 200 (3 ms)
[06/Jun/2018:21:54:02 +0100] 0:0:0:0:0:0:0:1 "GET /assets/vendors/base/fonts/line-awesome/line-awesome.woff2?v=1.1. HTTP/1.1" 200 (3 ms)
[06/Jun/2018:21:54:02 +0100] 0:0:0:0:0:0:0:1 "GET /assets/vendors/base/vendors.bundle.js HTTP/1.1" 200 (275 ms)
[06/Jun/2018:21:54:02 +0100] 0:0:0:0:0:0:0:1 "GET /assets/app/js/datatables/dataTables.bootstrap.js HTTP/1.1" 404 (2 ms)
[06/Jun/2018:21:54:04 +0100] 0:0:0:0:0:0:0:1 "GET /applicant/folder HTTP/1.1" 200 (18 ms)
[06/Jun/2018:21:54:04 +0100] 0:0:0:0:0:0:0:1 "GET /assets/vendors/base/vendors.bundle.css HTTP/1.1" 200 (6 ms)
[06/Jun/2018:21:54:04 +0100] 0:0:0:0:0:0:0:1 "GET /assets/vendors/custom/fullcalendar/fullcalendar.bundle.css HTTP/1.1" 200 (8 ms)
[06/Jun/2018:21:54:04 +0100] 0:0:0:0:0:0:0:1 "GET /assets/demo/default/base/style.bundle.css HTTP/1.1" 200 (27 ms)
[06/Jun/2018:21:54:05 +0100] 0:0:0:0:0:0:0:1 "GET /assets/demo/default/base/scripts.bundle.js HTTP/1.1" 200 (4 ms)
[06/Jun/2018:21:54:05 +0100] 0:0:0:0:0:0:0:1 "GET /assets/demo/default/custom/components/forms/widgets/dropzone.js HTTP/1.1" 200 (4 ms)
[06/Jun/2018:21:54:05 +0100] 0:0:0:0:0:0:0:1 "GET /assets/demo/default/custom/components/forms/widgets/bootstrap-datepicker.js HTTP/1.1" 200 (4 ms)
[06/Jun/2018:21:54:05 +0100] 0:0:0:0:0:0:0:1 "GET /assets/vendors/custom/fullcalendar/fullcalendar.bundle.js HTTP/1.1" 200 (6 ms)
[06/Jun/2018:21:54:05 +0100] 0:0:0:0:0:0:0:1 "GET /assets/app/js/dashboard.js HTTP/1.1" 200 (5 ms)
[06/Jun/2018:21:54:05 +0100] 0:0:0:0:0:0:0:1 "GET /assets/vendors/custom/flot/flot.bundle.js HTTP/1.1" 200 (4 ms)
[06/Jun/2018:21:54:05 +0100] 0:0:0:0:0:0:0:1 "GET /assets/app/js/jquerydatatableseditable/jquery.dataTables.js HTTP/1.1" 200 (4 ms)
[06/Jun/2018:21:54:05 +0100] 0:0:0:0:0:0:0:1 "GET /assets/demo/default/custom/components/datatables/base/html-table.js HTTP/1.1" 200 (4 ms)
[06/Jun/2018:21:54:05 +0100] 0:0:0:0:0:0:0:1 "GET /assets/app/js/datatables/dataTables.bootstrap.js HTTP/1.1" 404 (5 ms)
[06/Jun/2018:21:54:05 +0100] 0:0:0:0:0:0:0:1 "GET /assets/app/js/tinyeditable/mindmupeditabletable.js HTTP/1.1" 200 (3 ms)
[06/Jun/2018:21:54:05 +0100] 0:0:0:0:0:0:0:1 "GET /assets/app/js/tinyeditable/numericinputexample.js HTTP/1.1" 200 (4 ms)
[06/Jun/2018:21:54:05 +0100] 0:0:0:0:0:0:0:1 "GET /assets/app/js/bootstrapextension/js/bootstrapextension.min.js HTTP/1.1" 200 (5 ms)
[06/Jun/2018:21:54:05 +0100] 0:0:0:0:0:0:0:1 "GET /assets/demo/default/custom/components/base/toastr.js HTTP/1.1" 200 (4 ms)
[06/Jun/2018:21:54:05 +0100] 0:0:0:0:0:0:0:1 "GET /assets/js/app.js HTTP/1.1" 200 (4 ms)
[06/Jun/2018:21:54:05 +0100] 0:0:0:0:0:0:0:1 "GET /assets/demo/default/custom/components/base/treeview.js HTTP/1.1" 200 (4 ms)
[06/Jun/2018:21:54:05 +0100] 0:0:0:0:0:0:0:1 "GET /assets/js/files.js HTTP/1.1" 200 (2 ms)
[06/Jun/2018:21:54:05 +0100] 0:0:0:0:0:0:0:1 "GET /assets/demo/default/media/img/logo/logo_default_dark.png HTTP/1.1" 200 (3 ms)
[06/Jun/2018:21:54:05 +0100] 0:0:0:0:0:0:0:1 "GET /assets/app/media/img/users/user4.jpg HTTP/1.1" 200 (2 ms)
[06/Jun/2018:21:54:05 +0100] 0:0:0:0:0:0:0:1 "GET /assets/vendors/base/fonts/flaticon/Flaticon.woff HTTP/1.1" 200 (3 ms)
[06/Jun/2018:21:54:05 +0100] 0:0:0:0:0:0:0:1 "GET /assets/vendors/base/fonts/line-awesome/line-awesome.woff2?v=1.1. HTTP/1.1" 200 (2 ms)
[06/Jun/2018:21:54:05 +0100] 0:0:0:0:0:0:0:1 "GET /assets/vendors/base/vendors.bundle.js HTTP/1.1" 200 (198 ms)
[06/Jun/2018:21:54:05 +0100] 0:0:0:0:0:0:0:1 "GET /assets/app/js/datatables/dataTables.bootstrap.js HTTP/1.1" 404 (3 ms)
[06/Jun/2018:21:54:07 +0100] 0:0:0:0:0:0:0:1 "GET /assets/vendors/base/fonts/font-awesome/fontawesome-webfont.woff2?v=4.7.0 HTTP/1.1" 200 (2 ms)
[06/Jun/2018:21:54:44 +0100] 0:0:0:0:0:0:0:1 "GET /applicant/folder HTTP/1.1" 200 (15 ms)
[06/Jun/2018:21:54:44 +0100] 0:0:0:0:0:0:0:1 "GET /assets/vendors/custom/fullcalendar/fullcalendar.bundle.css HTTP/1.1" 200 (4 ms)
[06/Jun/2018:21:54:44 +0100] 0:0:0:0:0:0:0:1 "GET /assets/vendors/base/vendors.bundle.css HTTP/1.1" 200 (4 ms)
[06/Jun/2018:21:54:44 +0100] 0:0:0:0:0:0:0:1 "GET /assets/demo/default/base/style.bundle.css HTTP/1.1" 200 (36 ms)
[06/Jun/2018:21:54:44 +0100] 0:0:0:0:0:0:0:1 "GET /assets/demo/default/base/scripts.bundle.js HTTP/1.1" 200 (5 ms)
[06/Jun/2018:21:54:44 +0100] 0:0:0:0:0:0:0:1 "GET /assets/app/js/dashboard.js HTTP/1.1" 200 (4 ms)
[06/Jun/2018:21:54:44 +0100] 0:0:0:0:0:0:0:1 "GET /assets/vendors/custom/fullcalendar/fullcalendar.bundle.js HTTP/1.1" 200 (5 ms)
[06/Jun/2018:21:54:44 +0100] 0:0:0:0:0:0:0:1 "GET /assets/demo/default/custom/components/forms/widgets/dropzone.js HTTP/1.1" 200 (4 ms)
[06/Jun/2018:21:54:44 +0100] 0:0:0:0:0:0:0:1 "GET /assets/demo/default/custom/components/forms/widgets/bootstrap-datepicker.js HTTP/1.1" 200 (4 ms)
[06/Jun/2018:21:54:44 +0100] 0:0:0:0:0:0:0:1 "GET /assets/demo/default/custom/components/datatables/base/html-table.js HTTP/1.1" 200 (5 ms)
[06/Jun/2018:21:54:44 +0100] 0:0:0:0:0:0:0:1 "GET /assets/app/js/jquerydatatableseditable/jquery.dataTables.js HTTP/1.1" 200 (4 ms)
[06/Jun/2018:21:54:44 +0100] 0:0:0:0:0:0:0:1 "GET /assets/vendors/custom/flot/flot.bundle.js HTTP/1.1" 200 (5 ms)
[06/Jun/2018:21:54:44 +0100] 0:0:0:0:0:0:0:1 "GET /assets/app/js/datatables/dataTables.bootstrap.js HTTP/1.1" 404 (4 ms)
[06/Jun/2018:21:54:44 +0100] 0:0:0:0:0:0:0:1 "GET /assets/app/js/tinyeditable/mindmupeditabletable.js HTTP/1.1" 200 (4 ms)
[06/Jun/2018:21:54:45 +0100] 0:0:0:0:0:0:0:1 "GET /assets/demo/default/custom/components/base/toastr.js HTTP/1.1" 200 (4 ms)
[06/Jun/2018:21:54:45 +0100] 0:0:0:0:0:0:0:1 "GET /assets/app/js/tinyeditable/numericinputexample.js HTTP/1.1" 200 (6 ms)
[06/Jun/2018:21:54:45 +0100] 0:0:0:0:0:0:0:1 "GET /assets/js/app.js HTTP/1.1" 200 (5 ms)
[06/Jun/2018:21:54:45 +0100] 0:0:0:0:0:0:0:1 "GET /assets/app/js/bootstrapextension/js/bootstrapextension.min.js HTTP/1.1" 200 (6 ms)
[06/Jun/2018:21:54:45 +0100] 0:0:0:0:0:0:0:1 "GET /assets/demo/default/custom/components/base/treeview.js HTTP/1.1" 200 (5 ms)
[06/Jun/2018:21:54:45 +0100] 0:0:0:0:0:0:0:1 "GET /assets/js/files.js HTTP/1.1" 200 (2 ms)
[06/Jun/2018:21:54:45 +0100] 0:0:0:0:0:0:0:1 "GET /assets/demo/default/media/img/logo/logo_default_dark.png HTTP/1.1" 200 (3 ms)
[06/Jun/2018:21:54:45 +0100] 0:0:0:0:0:0:0:1 "GET /assets/app/media/img/users/user4.jpg HTTP/1.1" 200 (2 ms)
[06/Jun/2018:21:54:45 +0100] 0:0:0:0:0:0:0:1 "GET /assets/vendors/base/fonts/flaticon/Flaticon.woff HTTP/1.1" 200 (4 ms)
[06/Jun/2018:21:54:45 +0100] 0:0:0:0:0:0:0:1 "GET /assets/vendors/base/fonts/line-awesome/line-awesome.woff2?v=1.1. HTTP/1.1" 200 (4 ms)
[06/Jun/2018:21:54:45 +0100] 0:0:0:0:0:0:0:1 "GET /assets/vendors/base/vendors.bundle.js HTTP/1.1" 200 (214 ms)
[06/Jun/2018:21:54:45 +0100] 0:0:0:0:0:0:0:1 "GET /assets/app/js/datatables/dataTables.bootstrap.js HTTP/1.1" 404 (4 ms)
[06/Jun/2018:21:54:45 +0100] 0:0:0:0:0:0:0:1 "GET /assets/demo/default/media/img/logo/favicon.ico HTTP/1.1" 200 (4 ms)
[06/Jun/2018:22:12:16 +0100] 0:0:0:0:0:0:0:1 "GET /applicant/folder HTTP/1.1" 302 (77 ms)
[06/Jun/2018:22:12:17 +0100] 0:0:0:0:0:0:0:1 "GET /login HTTP/1.1" 200 (376 ms)
[06/Jun/2018:22:12:17 +0100] 0:0:0:0:0:0:0:1 "GET /assets/vendors/custom/fullcalendar/fullcalendar.bundle.css HTTP/1.1" 200 (20 ms)
[06/Jun/2018:22:12:17 +0100] 0:0:0:0:0:0:0:1 "GET /assets/vendors/base/vendors.bundle.css HTTP/1.1" 200 (21 ms)
[06/Jun/2018:22:12:17 +0100] 0:0:0:0:0:0:0:1 "GET /assets/demo/default/base/style.bundle.css HTTP/1.1" 200 (41 ms)
[06/Jun/2018:22:12:17 +0100] 0:0:0:0:0:0:0:1 "GET /assets/snippets/pages/user/login.js HTTP/1.1" 200 (5 ms)
[06/Jun/2018:22:12:17 +0100] 0:0:0:0:0:0:0:1 "GET /assets/demo/default/base/scripts.bundle.js HTTP/1.1" 200 (6 ms)
[06/Jun/2018:22:12:17 +0100] 0:0:0:0:0:0:0:1 "GET /assets/app/media/img//logos/logo-2.png HTTP/1.1" 200 (4 ms)
[06/Jun/2018:22:12:17 +0100] 0:0:0:0:0:0:0:1 "GET /assets/app/media/img//bg/bg-4.jpg HTTP/1.1" 200 (8 ms)
[06/Jun/2018:22:12:17 +0100] 0:0:0:0:0:0:0:1 "GET /assets/vendors/base/vendors.bundle.js HTTP/1.1" 200 (193 ms)
[06/Jun/2018:22:12:17 +0100] 0:0:0:0:0:0:0:1 "GET /assets/demo/default/media/img/logo/favicon.ico HTTP/1.1" 200 (9 ms)
[06/Jun/2018:22:12:18 +0100] 0:0:0:0:0:0:0:1 "POST /login HTTP/1.1" 302 (117 ms)
[06/Jun/2018:22:12:18 +0100] 0:0:0:0:0:0:0:1 "GET /applicant/folder HTTP/1.1" 200 (271 ms)
[06/Jun/2018:22:12:18 +0100] 0:0:0:0:0:0:0:1 "GET /assets/vendors/custom/fullcalendar/fullcalendar.bundle.css HTTP/1.1" 200 (5 ms)
[06/Jun/2018:22:12:18 +0100] 0:0:0:0:0:0:0:1 "GET /assets/vendors/base/vendors.bundle.css HTTP/1.1" 200 (5 ms)
[06/Jun/2018:22:12:18 +0100] 0:0:0:0:0:0:0:1 "GET /assets/demo/default/base/style.bundle.css HTTP/1.1" 200 (25 ms)
[06/Jun/2018:22:12:18 +0100] 0:0:0:0:0:0:0:1 "GET /assets/demo/default/base/scripts.bundle.js HTTP/1.1" 200 (5 ms)
[06/Jun/2018:22:12:18 +0100] 0:0:0:0:0:0:0:1 "GET /assets/demo/default/custom/components/forms/widgets/bootstrap-datepicker.js HTTP/1.1" 200 (5 ms)
[06/Jun/2018:22:12:18 +0100] 0:0:0:0:0:0:0:1 "GET /assets/app/js/dashboard.js HTTP/1.1" 200 (6 ms)
[06/Jun/2018:22:12:18 +0100] 0:0:0:0:0:0:0:1 "GET /assets/demo/default/custom/components/forms/widgets/dropzone.js HTTP/1.1" 200 (5 ms)
[06/Jun/2018:22:12:18 +0100] 0:0:0:0:0:0:0:1 "GET /assets/vendors/custom/fullcalendar/fullcalendar.bundle.js HTTP/1.1" 200 (7 ms)
[06/Jun/2018:22:12:18 +0100] 0:0:0:0:0:0:0:1 "GET /assets/demo/default/custom/components/datatables/base/html-table.js HTTP/1.1" 200 (5 ms)
[06/Jun/2018:22:12:18 +0100] 0:0:0:0:0:0:0:1 "GET /assets/app/js/jquerydatatableseditable/jquery.dataTables.js HTTP/1.1" 200 (4 ms)
[06/Jun/2018:22:12:18 +0100] 0:0:0:0:0:0:0:1 "GET /assets/vendors/custom/flot/flot.bundle.js HTTP/1.1" 200 (5 ms)
[06/Jun/2018:22:12:18 +0100] 0:0:0:0:0:0:0:1 "GET /assets/app/js/tinyeditable/mindmupeditabletable.js HTTP/1.1" 200 (4 ms)
[06/Jun/2018:22:12:18 +0100] 0:0:0:0:0:0:0:1 "GET /assets/app/js/bootstrapextension/js/bootstrapextension.min.js HTTP/1.1" 200 (4 ms)
[06/Jun/2018:22:12:18 +0100] 0:0:0:0:0:0:0:1 "GET /assets/demo/default/custom/components/base/treeview.js HTTP/1.1" 200 (4 ms)
[06/Jun/2018:22:12:18 +0100] 0:0:0:0:0:0:0:1 "GET /assets/app/js/tinyeditable/numericinputexample.js HTTP/1.1" 200 (5 ms)
[06/Jun/2018:22:12:18 +0100] 0:0:0:0:0:0:0:1 "GET /assets/demo/default/custom/components/base/toastr.js HTTP/1.1" 200 (5 ms)
[06/Jun/2018:22:12:18 +0100] 0:0:0:0:0:0:0:1 "GET /assets/js/app.js HTTP/1.1" 200 (4 ms)
[06/Jun/2018:22:12:18 +0100] 0:0:0:0:0:0:0:1 "GET /assets/js/files.js HTTP/1.1" 200 (5 ms)
[06/Jun/2018:22:12:18 +0100] 0:0:0:0:0:0:0:1 "GET /assets/app/media/img/users/user4.jpg HTTP/1.1" 200 (4 ms)
[06/Jun/2018:22:12:18 +0100] 0:0:0:0:0:0:0:1 "GET /assets/demo/default/media/img/logo/logo_default_dark.png HTTP/1.1" 200 (4 ms)
[06/Jun/2018:22:12:18 +0100] 0:0:0:0:0:0:0:1 "GET /assets/app/js/datatables/dataTables.bootstrap.js HTTP/1.1" 404 (58 ms)
[06/Jun/2018:22:12:18 +0100] 0:0:0:0:0:0:0:1 "GET /assets/vendors/base/fonts/flaticon/Flaticon.woff HTTP/1.1" 200 (10 ms)
[06/Jun/2018:22:12:18 +0100] 0:0:0:0:0:0:0:1 "GET /assets/vendors/base/fonts/line-awesome/line-awesome.woff2?v=1.1. HTTP/1.1" 200 (8 ms)
[06/Jun/2018:22:12:18 +0100] 0:0:0:0:0:0:0:1 "GET /assets/vendors/base/vendors.bundle.js HTTP/1.1" 200 (205 ms)
[06/Jun/2018:22:12:19 +0100] 0:0:0:0:0:0:0:1 "GET /assets/app/js/datatables/dataTables.bootstrap.js HTTP/1.1" 404 (4 ms)
[06/Jun/2018:22:17:24 +0100] 0:0:0:0:0:0:0:1 "GET /applicant/folder HTTP/1.1" 302 (65 ms)
[06/Jun/2018:22:17:24 +0100] 0:0:0:0:0:0:0:1 "GET /login HTTP/1.1" 200 (310 ms)
[06/Jun/2018:22:17:24 +0100] 0:0:0:0:0:0:0:1 "GET /assets/vendors/custom/fullcalendar/fullcalendar.bundle.css HTTP/1.1" 200 (20 ms)
[06/Jun/2018:22:17:24 +0100] 0:0:0:0:0:0:0:1 "GET /assets/vendors/base/vendors.bundle.css HTTP/1.1" 200 (21 ms)
[06/Jun/2018:22:17:24 +0100] 0:0:0:0:0:0:0:1 "GET /assets/demo/default/base/style.bundle.css HTTP/1.1" 200 (86 ms)
[06/Jun/2018:22:17:24 +0100] 0:0:0:0:0:0:0:1 "GET /assets/snippets/pages/user/login.js HTTP/1.1" 200 (4 ms)
[06/Jun/2018:22:17:24 +0100] 0:0:0:0:0:0:0:1 "GET /assets/app/media/img//logos/logo-2.png HTTP/1.1" 200 (5 ms)
[06/Jun/2018:22:17:24 +0100] 0:0:0:0:0:0:0:1 "GET /assets/demo/default/base/scripts.bundle.js HTTP/1.1" 200 (5 ms)
[06/Jun/2018:22:17:25 +0100] 0:0:0:0:0:0:0:1 "GET /assets/app/media/img//bg/bg-4.jpg HTTP/1.1" 200 (6 ms)
[06/Jun/2018:22:17:25 +0100] 0:0:0:0:0:0:0:1 "GET /assets/vendors/base/vendors.bundle.js HTTP/1.1" 200 (166 ms)
[06/Jun/2018:22:17:25 +0100] 0:0:0:0:0:0:0:1 "GET /assets/demo/default/media/img/logo/favicon.ico HTTP/1.1" 200 (7 ms)
[06/Jun/2018:22:17:26 +0100] 0:0:0:0:0:0:0:1 "POST /login HTTP/1.1" 302 (118 ms)
[06/Jun/2018:22:17:26 +0100] 0:0:0:0:0:0:0:1 "GET /applicant/folder HTTP/1.1" 200 (223 ms)
[06/Jun/2018:22:17:26 +0100] 0:0:0:0:0:0:0:1 "GET /assets/vendors/custom/fullcalendar/fullcalendar.bundle.css HTTP/1.1" 200 (5 ms)
[06/Jun/2018:22:17:26 +0100] 0:0:0:0:0:0:0:1 "GET /assets/vendors/base/vendors.bundle.css HTTP/1.1" 200 (6 ms)
[06/Jun/2018:22:17:26 +0100] 0:0:0:0:0:0:0:1 "GET /assets/demo/default/base/style.bundle.css HTTP/1.1" 200 (23 ms)
[06/Jun/2018:22:17:26 +0100] 0:0:0:0:0:0:0:1 "GET /assets/demo/default/base/scripts.bundle.js HTTP/1.1" 200 (4 ms)
[06/Jun/2018:22:17:26 +0100] 0:0:0:0:0:0:0:1 "GET /assets/app/js/dashboard.js HTTP/1.1" 200 (3 ms)
[06/Jun/2018:22:17:26 +0100] 0:0:0:0:0:0:0:1 "GET /assets/vendors/custom/fullcalendar/fullcalendar.bundle.js HTTP/1.1" 200 (4 ms)
[06/Jun/2018:22:17:26 +0100] 0:0:0:0:0:0:0:1 "GET /assets/demo/default/custom/components/forms/widgets/bootstrap-datepicker.js HTTP/1.1" 200 (4 ms)
[06/Jun/2018:22:17:26 +0100] 0:0:0:0:0:0:0:1 "GET /assets/demo/default/custom/components/forms/widgets/dropzone.js HTTP/1.1" 200 (4 ms)
[06/Jun/2018:22:17:26 +0100] 0:0:0:0:0:0:0:1 "GET /assets/app/js/jquerydatatableseditable/jquery.dataTables.js HTTP/1.1" 200 (5 ms)
[06/Jun/2018:22:17:26 +0100] 0:0:0:0:0:0:0:1 "GET /assets/vendors/custom/flot/flot.bundle.js HTTP/1.1" 200 (5 ms)
[06/Jun/2018:22:17:26 +0100] 0:0:0:0:0:0:0:1 "GET /assets/app/js/tinyeditable/mindmupeditabletable.js HTTP/1.1" 200 (3 ms)
[06/Jun/2018:22:17:26 +0100] 0:0:0:0:0:0:0:1 "GET /assets/demo/default/custom/components/datatables/base/html-table.js HTTP/1.1" 200 (7 ms)
[06/Jun/2018:22:17:26 +0100] 0:0:0:0:0:0:0:1 "GET /assets/app/js/tinyeditable/numericinputexample.js HTTP/1.1" 200 (4 ms)
[06/Jun/2018:22:17:26 +0100] 0:0:0:0:0:0:0:1 "GET /assets/app/js/bootstrapextension/js/bootstrapextension.min.js HTTP/1.1" 200 (3 ms)
[06/Jun/2018:22:17:26 +0100] 0:0:0:0:0:0:0:1 "GET /assets/demo/default/custom/components/base/treeview.js HTTP/1.1" 200 (4 ms)
[06/Jun/2018:22:17:26 +0100] 0:0:0:0:0:0:0:1 "GET /assets/demo/default/custom/components/base/toastr.js HTTP/1.1" 200 (4 ms)
[06/Jun/2018:22:17:26 +0100] 0:0:0:0:0:0:0:1 "GET /assets/js/app.js HTTP/1.1" 200 (4 ms)
[06/Jun/2018:22:17:26 +0100] 0:0:0:0:0:0:0:1 "GET /assets/js/files.js HTTP/1.1" 200 (3 ms)
[06/Jun/2018:22:17:26 +0100] 0:0:0:0:0:0:0:1 "GET /assets/demo/default/media/img/logo/logo_default_dark.png HTTP/1.1" 200 (3 ms)
[06/Jun/2018:22:17:26 +0100] 0:0:0:0:0:0:0:1 "GET /assets/app/media/img/users/user4.jpg HTTP/1.1" 200 (3 ms)
[06/Jun/2018:22:17:26 +0100] 0:0:0:0:0:0:0:1 "GET /assets/app/js/datatables/dataTables.bootstrap.js HTTP/1.1" 404 (45 ms)
[06/Jun/2018:22:17:26 +0100] 0:0:0:0:0:0:0:1 "GET /assets/vendors/base/fonts/line-awesome/line-awesome.woff2?v=1.1. HTTP/1.1" 200 (7 ms)
[06/Jun/2018:22:17:26 +0100] 0:0:0:0:0:0:0:1 "GET /assets/vendors/base/fonts/flaticon/Flaticon.woff HTTP/1.1" 200 (8 ms)
[06/Jun/2018:22:17:26 +0100] 0:0:0:0:0:0:0:1 "GET /assets/vendors/base/vendors.bundle.js HTTP/1.1" 200 (226 ms)
[06/Jun/2018:22:17:26 +0100] 0:0:0:0:0:0:0:1 "GET /assets/app/js/datatables/dataTables.bootstrap.js HTTP/1.1" 404 (3 ms)
[06/Jun/2018:23:04:49 +0100] 0:0:0:0:0:0:0:1 "GET /assets/vendors/base/fonts/metronic/Metronic_fda1334c35d0f5fe2afb3afebbb6774a.woff2 HTTP/1.1" 200 (65 ms)
[06/Jun/2018:23:04:49 +0100] 0:0:0:0:0:0:0:1 "GET /assets/app/media/img/misc/user_profile_bg.jpg HTTP/1.1" 200 (64 ms)
